------------
2024-05-16 19:06:19,699 - django_auth_ldap - DEBUG - Binding as cn=django,ou=ciaer,dc=ciaer,dc=interna
2024-05-16 19:06:19,704 - django_auth_ldap - DEBUG - Invoking search_s('ou=CIAER,dc=ciaer,dc=interna', 2, '(sAMAccountName=camargo_tcb)')
2024-05-16 19:06:19,704 - django_auth_ldap - DEBUG - search_s('ou=CIAER,dc=ciaer,dc=interna', 2, '(sAMAccountName=%(user)s)') returned 0 objects: 
2024-05-16 19:06:19,705 - django_auth_ldap - DEBUG - Authentication failed for camargo_tcb: failed to map the username to a DN.
2024-05-16 19:06:23,198 - django_auth_ldap - DEBUG - Binding as cn=django,ou=ciaer,dc=ciaer,dc=interna
2024-05-16 19:06:23,201 - django_auth_ldap - DEBUG - Invoking search_s('ou=CIAER,dc=ciaer,dc=interna', 2, '(sAMAccountName=ribeiro_ajr)')
2024-05-16 19:06:23,217 - django_auth_ldap - DEBUG - search_s('ou=CIAER,dc=ciaer,dc=interna', 2, '(sAMAccountName=%(user)s)') returned 1 objects: cn=2s sin ribeiro,ou=usuarios,ou=dci,ou=bsb,ou=ciaer,dc=ciaer,dc=interna
2024-05-16 19:06:23,217 - django_auth_ldap - DEBUG - Binding as cn=2s sin ribeiro,ou=usuarios,ou=dci,ou=bsb,ou=ciaer,dc=ciaer,dc=interna
2024-05-16 19:06:23,224 - django_auth_ldap - DEBUG - Creating Django user ribeiro_ajr
2024-05-16 19:06:23,224 - django_auth_ldap - DEBUG - Populating Django user ribeiro_ajr
2024-05-16 19:06:42,193 - django_auth_ldap - DEBUG - Binding as cn=django,ou=ciaer,dc=ciaer,dc=interna
2024-05-16 19:06:42,197 - django_auth_ldap - DEBUG - Invoking search_s('ou=CIAER,dc=ciaer,dc=interna', 2, '(sAMAccountName=ribeiro_ajr)')
2024-05-16 19:06:42,198 - django_auth_ldap - DEBUG - search_s('ou=CIAER,dc=ciaer,dc=interna', 2, '(sAMAccountName=%(user)s)') returned 1 objects: cn=2s sin ribeiro,ou=usuarios,ou=dci,ou=bsb,ou=ciaer,dc=ciaer,dc=interna
2024-05-16 19:06:42,198 - django_auth_ldap - DEBUG - Binding as cn=2s sin ribeiro,ou=usuarios,ou=dci,ou=bsb,ou=ciaer,dc=ciaer,dc=interna
2024-05-16 19:06:42,203 - django_auth_ldap - DEBUG - Populating Django user ribeiro_ajr
2024-05-16 19:06:54,137 - django_auth_ldap - DEBUG - Binding as cn=django,ou=ciaer,dc=ciaer,dc=interna
2024-05-16 19:06:54,141 - django_auth_ldap - DEBUG - Invoking search_s('ou=CIAER,dc=ciaer,dc=interna', 2, '(sAMAccountName=admin)')
2024-05-16 19:06:54,142 - django_auth_ldap - DEBUG - search_s('ou=CIAER,dc=ciaer,dc=interna', 2, '(sAMAccountName=%(user)s)') returned 0 objects: 
2024-05-16 19:06:54,142 - django_auth_ldap - DEBUG - Authentication failed for admin: failed to map the username to a DN.
2024-05-16 19:06:59,180 - django_auth_ldap - DEBUG - Binding as cn=django,ou=ciaer,dc=ciaer,dc=interna
2024-05-16 19:06:59,183 - django_auth_ldap - DEBUG - Invoking search_s('ou=CIAER,dc=ciaer,dc=interna', 2, '(sAMAccountName=admin)')
2024-05-16 19:06:59,184 - django_auth_ldap - DEBUG - search_s('ou=CIAER,dc=ciaer,dc=interna', 2, '(sAMAccountName=%(user)s)') returned 0 objects: 
2024-05-16 19:06:59,185 - django_auth_ldap - DEBUG - Authentication failed for admin: failed to map the username to a DN.
2024-05-16 19:07:22,502 - django_auth_ldap - DEBUG - Binding as cn=django,ou=ciaer,dc=ciaer,dc=interna
2024-05-16 19:07:22,506 - django_auth_ldap - DEBUG - Invoking search_s('ou=CIAER,dc=ciaer,dc=interna', 2, '(sAMAccountName=pires_bp)')
2024-05-16 19:07:22,508 - django_auth_ldap - DEBUG - search_s('ou=CIAER,dc=ciaer,dc=interna', 2, '(sAMAccountName=%(user)s)') returned 1 objects: cn=2s sin pires,ou=usuarios,ou=dci,ou=bsb,ou=ciaer,dc=ciaer,dc=interna
2024-05-16 19:07:22,508 - django_auth_ldap - DEBUG - Binding as cn=2s sin pires,ou=usuarios,ou=dci,ou=bsb,ou=ciaer,dc=ciaer,dc=interna
2024-05-16 19:07:22,513 - django_auth_ldap - DEBUG - Creating Django user pires_bp
2024-05-16 19:07:22,513 - django_auth_ldap - DEBUG - Populating Django user pires_bp
2024-05-16 19:08:26,294 - django_auth_ldap - DEBUG - Binding as cn=django,ou=ciaer,dc=ciaer,dc=interna
2024-05-16 19:08:26,299 - django_auth_ldap - DEBUG - Invoking search_s('ou=CIAER,dc=ciaer,dc=interna', 2, '(sAMAccountName=alexandre_acm)')
2024-05-16 19:08:26,301 - django_auth_ldap - DEBUG - search_s('ou=CIAER,dc=ciaer,dc=interna', 2, '(sAMAccountName=%(user)s)') returned 1 objects: cn=cap r/1 alexandre,ou=usuarios,ou=dci,ou=bsb,ou=ciaer,dc=ciaer,dc=interna
2024-05-16 19:08:26,301 - django_auth_ldap - DEBUG - Binding as cn=cap r/1 alexandre,ou=usuarios,ou=dci,ou=bsb,ou=ciaer,dc=ciaer,dc=interna
2024-05-16 19:08:26,306 - django_auth_ldap - DEBUG - Creating Django user alexandre_acm
2024-05-16 19:08:26,307 - django_auth_ldap - DEBUG - Populating Django user alexandre_acm
2024-05-16 19:11:47,949 - django_auth_ldap - DEBUG - Binding as cn=django,ou=ciaer,dc=ciaer,dc=interna
2024-05-16 19:11:47,953 - django_auth_ldap - DEBUG - Invoking search_s('OU=CIAER,DC=ciaer,DC=interna', 2, '(uid=ribeiro_ajr)')
2024-05-16 19:11:48,049 - django_auth_ldap - DEBUG - search_s('OU=CIAER,DC=ciaer,DC=interna', 2, '(uid=%(user)s)') returned 0 objects: 
2024-05-16 19:11:48,049 - django_auth_ldap - DEBUG - Authentication failed for ribeiro_ajr: failed to map the username to a DN.
2024-05-16 19:11:51,257 - django_auth_ldap - DEBUG - Binding as cn=django,ou=ciaer,dc=ciaer,dc=interna
2024-05-16 19:11:51,260 - django_auth_ldap - DEBUG - Invoking search_s('OU=CIAER,DC=ciaer,DC=interna', 2, '(uid=ribeiro_ajr)')
2024-05-16 19:11:51,264 - django_auth_ldap - DEBUG - search_s('OU=CIAER,DC=ciaer,DC=interna', 2, '(uid=%(user)s)') returned 0 objects: 
2024-05-16 19:11:51,264 - django_auth_ldap - DEBUG - Authentication failed for ribeiro_ajr: failed to map the username to a DN.
2024-05-16 19:11:53,603 - django_auth_ldap - DEBUG - Binding as cn=django,ou=ciaer,dc=ciaer,dc=interna
2024-05-16 19:11:53,606 - django_auth_ldap - DEBUG - Invoking search_s('OU=CIAER,DC=ciaer,DC=interna', 2, '(uid=ribeiro_ajr)')
2024-05-16 19:11:53,610 - django_auth_ldap - DEBUG - search_s('OU=CIAER,DC=ciaer,DC=interna', 2, '(uid=%(user)s)') returned 0 objects: 
2024-05-16 19:11:53,610 - django_auth_ldap - DEBUG - Authentication failed for ribeiro_ajr: failed to map the username to a DN.
2024-05-16 19:11:56,029 - django_auth_ldap - DEBUG - Binding as cn=django,ou=ciaer,dc=ciaer,dc=interna
2024-05-16 19:11:56,031 - django_auth_ldap - DEBUG - Invoking search_s('OU=CIAER,DC=ciaer,DC=interna', 2, '(uid=ribeiro_ajr)')
2024-05-16 19:11:56,034 - django_auth_ldap - DEBUG - search_s('OU=CIAER,DC=ciaer,DC=interna', 2, '(uid=%(user)s)') returned 0 objects: 
2024-05-16 19:11:56,035 - django_auth_ldap - DEBUG - Authentication failed for ribeiro_ajr: failed to map the username to a DN.
2024-05-16 19:12:09,571 - django_auth_ldap - DEBUG - Binding as cn=django,ou=ciaer,dc=ciaer,dc=interna
2024-05-16 19:12:09,575 - django_auth_ldap - DEBUG - Invoking search_s('OU=CIAER,DC=ciaer,DC=interna', 2, '(uid=floriano_efsj)')
2024-05-16 19:12:09,579 - django_auth_ldap - DEBUG - search_s('OU=CIAER,DC=ciaer,DC=interna', 2, '(uid=%(user)s)') returned 0 objects: 
2024-05-16 19:12:09,579 - django_auth_ldap - DEBUG - Authentication failed for floriano_efsj: failed to map the username to a DN.
2024-05-16 19:13:06,244 - django_auth_ldap - DEBUG - Binding as cn=django,ou=ciaer,dc=ciaer,dc=interna
2024-05-16 19:13:06,247 - django_auth_ldap - DEBUG - Invoking search_s('ou=CIAER,dc=ciaer,dc=interna', 2, '(uid=ribeiro_ajr)')
2024-05-16 19:13:06,251 - django_auth_ldap - DEBUG - search_s('ou=CIAER,dc=ciaer,dc=interna', 2, '(uid=%(user)s)') returned 0 objects: 
2024-05-16 19:13:06,251 - django_auth_ldap - DEBUG - Authentication failed for ribeiro_ajr: failed to map the username to a DN.
2024-05-16 19:14:05,290 - django_auth_ldap - DEBUG - Binding as cn=django,ou=ciaer,dc=ciaer,dc=interna
2024-05-16 19:14:05,293 - django_auth_ldap - DEBUG - Invoking search_s('ou=CIAER,dc=ciaer,dc=interna', 2, '(sAMAccountName=ribeiro_ajr)')
2024-05-16 19:14:05,294 - django_auth_ldap - DEBUG - search_s('ou=CIAER,dc=ciaer,dc=interna', 2, '(sAMAccountName=%(user)s)') returned 1 objects: cn=2s sin ribeiro,ou=usuarios,ou=dci,ou=bsb,ou=ciaer,dc=ciaer,dc=interna
2024-05-16 19:14:05,294 - django_auth_ldap - DEBUG - Binding as cn=2s sin ribeiro,ou=usuarios,ou=dci,ou=bsb,ou=ciaer,dc=ciaer,dc=interna
2024-05-16 19:14:05,300 - django_auth_ldap - DEBUG - Populating Django user ribeiro_ajr
2024-05-16 19:22:27,260 - django_auth_ldap - DEBUG - Binding as cn=django,ou=ciaer,dc=ciaer,dc=interna
2024-05-16 19:22:27,265 - django_auth_ldap - DEBUG - Invoking search_s('ou=CIAER,dc=ciaer,dc=interna', 2, '(sAMAccountName=ribeiro_ajr)')
2024-05-16 19:22:27,267 - django_auth_ldap - DEBUG - search_s('ou=CIAER,dc=ciaer,dc=interna', 2, '(sAMAccountName=%(user)s)') returned 1 objects: cn=2s sin ribeiro,ou=usuarios,ou=dci,ou=bsb,ou=ciaer,dc=ciaer,dc=interna
2024-05-16 19:22:27,267 - django_auth_ldap - DEBUG - Binding as cn=2s sin ribeiro,ou=usuarios,ou=dci,ou=bsb,ou=ciaer,dc=ciaer,dc=interna
2024-05-16 19:22:27,272 - django_auth_ldap - DEBUG - Populating Django user ribeiro_ajr
2024-05-16 19:23:38,538 - django_auth_ldap - DEBUG - Binding as cn=django,ou=ciaer,dc=ciaer,dc=interna
2024-05-16 19:23:38,541 - django_auth_ldap - DEBUG - Invoking search_s('ou=CIAER,dc=ciaer,dc=interna', 2, '(sAMAccountName=ribeiro_ajr)')
2024-05-16 19:23:38,543 - django_auth_ldap - DEBUG - search_s('ou=CIAER,dc=ciaer,dc=interna', 2, '(sAMAccountName=%(user)s)') returned 1 objects: cn=2s sin ribeiro,ou=usuarios,ou=dci,ou=bsb,ou=ciaer,dc=ciaer,dc=interna
2024-05-16 19:23:38,543 - django_auth_ldap - DEBUG - Binding as cn=2s sin ribeiro,ou=usuarios,ou=dci,ou=bsb,ou=ciaer,dc=ciaer,dc=interna
2024-05-16 19:23:38,549 - django_auth_ldap - DEBUG - Populating Django user ribeiro_ajr
2024-05-16 19:23:56,047 - django_auth_ldap - DEBUG - Binding as cn=django,ou=ciaer,dc=ciaer,dc=interna
2024-05-16 19:23:56,051 - django_auth_ldap - DEBUG - Invoking search_s('ou=CIAER,dc=ciaer,dc=interna', 2, '(sAMAccountName=admin)')
2024-05-16 19:23:56,052 - django_auth_ldap - DEBUG - search_s('ou=CIAER,dc=ciaer,dc=interna', 2, '(sAMAccountName=%(user)s)') returned 0 objects: 
2024-05-16 19:23:56,052 - django_auth_ldap - DEBUG - Authentication failed for admin: failed to map the username to a DN.
2024-05-16 19:30:05,773 - django_auth_ldap - DEBUG - Binding as cn=django,ou=ciaer,dc=ciaer,dc=interna
2024-05-16 19:30:05,846 - django_auth_ldap - DEBUG - Invoking search_s('ou=CIAER,dc=ciaer,dc=interna', 2, '(sAMAccountName=ribeiro_ajr)')
2024-05-16 19:30:05,848 - django_auth_ldap - DEBUG - search_s('ou=CIAER,dc=ciaer,dc=interna', 2, '(sAMAccountName=%(user)s)') returned 1 objects: cn=2s sin ribeiro,ou=usuarios,ou=dci,ou=bsb,ou=ciaer,dc=ciaer,dc=interna
2024-05-16 19:30:05,848 - django_auth_ldap - DEBUG - Binding as cn=2s sin ribeiro,ou=usuarios,ou=dci,ou=bsb,ou=ciaer,dc=ciaer,dc=interna
2024-05-16 19:30:05,853 - django_auth_ldap - DEBUG - Populating Django user ribeiro_ajr
2024-05-16 19:30:09,949 - django_auth_ldap - DEBUG - Binding as cn=django,ou=ciaer,dc=ciaer,dc=interna
2024-05-16 19:30:09,953 - django_auth_ldap - DEBUG - Invoking search_s('ou=CIAER,dc=ciaer,dc=interna', 2, '(sAMAccountName=camargo_tcb)')
2024-05-16 19:30:09,954 - django_auth_ldap - DEBUG - search_s('ou=CIAER,dc=ciaer,dc=interna', 2, '(sAMAccountName=%(user)s)') returned 0 objects: 
2024-05-16 19:30:09,954 - django_auth_ldap - DEBUG - Authentication failed for camargo_tcb: failed to map the username to a DN.
2024-05-16 19:30:15,817 - django_auth_ldap - DEBUG - Binding as cn=django,ou=ciaer,dc=ciaer,dc=interna
2024-05-16 19:30:15,821 - django_auth_ldap - DEBUG - Invoking search_s('ou=CIAER,dc=ciaer,dc=interna', 2, '(sAMAccountName=camargo_tcb)')
2024-05-16 19:30:15,822 - django_auth_ldap - DEBUG - search_s('ou=CIAER,dc=ciaer,dc=interna', 2, '(sAMAccountName=%(user)s)') returned 0 objects: 
2024-05-16 19:30:15,822 - django_auth_ldap - DEBUG - Authentication failed for camargo_tcb: failed to map the username to a DN.
2024-05-16 19:30:21,450 - django_auth_ldap - DEBUG - Binding as cn=django,ou=ciaer,dc=ciaer,dc=interna
2024-05-16 19:30:21,453 - django_auth_ldap - DEBUG - Invoking search_s('ou=CIAER,dc=ciaer,dc=interna', 2, '(sAMAccountName=camargo_tcb)')
2024-05-16 19:30:21,454 - django_auth_ldap - DEBUG - search_s('ou=CIAER,dc=ciaer,dc=interna', 2, '(sAMAccountName=%(user)s)') returned 0 objects: 
2024-05-16 19:30:21,455 - django_auth_ldap - DEBUG - Authentication failed for camargo_tcb: failed to map the username to a DN.
2024-05-16 19:42:38,933 - django_auth_ldap - DEBUG - Binding as cn=django,ou=ciaer,dc=ciaer,dc=interna
2024-05-16 19:42:38,938 - django_auth_ldap - DEBUG - Invoking search_s('ou=CIAER,dc=ciaer,dc=interna', 2, '(sAMAccountName=ribeiro_ajr)')
2024-05-16 19:42:38,940 - django_auth_ldap - DEBUG - search_s('ou=CIAER,dc=ciaer,dc=interna', 2, '(sAMAccountName=%(user)s)') returned 1 objects: cn=2s sin ribeiro,ou=usuarios,ou=dci,ou=bsb,ou=ciaer,dc=ciaer,dc=interna
2024-05-16 19:42:38,940 - django_auth_ldap - DEBUG - Binding as cn=2s sin ribeiro,ou=usuarios,ou=dci,ou=bsb,ou=ciaer,dc=ciaer,dc=interna
2024-05-16 19:42:38,946 - django_auth_ldap - DEBUG - Populating Django user ribeiro_ajr
2024-05-16 19:54:36,611 - django_auth_ldap - DEBUG - Binding as cn=django,ou=ciaer,dc=ciaer,dc=interna
2024-05-16 19:54:36,614 - django_auth_ldap - DEBUG - Invoking search_s('ou=CIAER,dc=ciaer,dc=interna', 2, '(sAMAccountName=camargo_tcb)')
2024-05-16 19:54:36,615 - django_auth_ldap - DEBUG - search_s('ou=CIAER,dc=ciaer,dc=interna', 2, '(sAMAccountName=%(user)s)') returned 0 objects: 
2024-05-16 19:54:36,615 - django_auth_ldap - DEBUG - Authentication failed for camargo_tcb: failed to map the username to a DN.
2024-05-16 19:54:39,405 - django_auth_ldap - DEBUG - Binding as cn=django,ou=ciaer,dc=ciaer,dc=interna
2024-05-16 19:54:39,408 - django_auth_ldap - DEBUG - Invoking search_s('ou=CIAER,dc=ciaer,dc=interna', 2, '(sAMAccountName=camargo_tcb)')
2024-05-16 19:54:39,408 - django_auth_ldap - DEBUG - search_s('ou=CIAER,dc=ciaer,dc=interna', 2, '(sAMAccountName=%(user)s)') returned 0 objects: 
2024-05-16 19:54:39,408 - django_auth_ldap - DEBUG - Authentication failed for camargo_tcb: failed to map the username to a DN.
2024-05-16 19:54:49,752 - django_auth_ldap - DEBUG - Binding as cn=django,ou=ciaer,dc=ciaer,dc=interna
2024-05-16 19:54:49,755 - django_auth_ldap - DEBUG - Invoking search_s('ou=CIAER,dc=ciaer,dc=interna', 2, '(sAMAccountName=ribeiro_ajr)')
2024-05-16 19:54:49,757 - django_auth_ldap - DEBUG - search_s('ou=CIAER,dc=ciaer,dc=interna', 2, '(sAMAccountName=%(user)s)') returned 1 objects: cn=2s sin ribeiro,ou=usuarios,ou=dci,ou=bsb,ou=ciaer,dc=ciaer,dc=interna
2024-05-16 19:54:49,757 - django_auth_ldap - DEBUG - Binding as cn=2s sin ribeiro,ou=usuarios,ou=dci,ou=bsb,ou=ciaer,dc=ciaer,dc=interna
2024-05-16 19:54:49,759 - django_auth_ldap - DEBUG - Populating Django user ribeiro_ajr
2024-05-16 19:55:05,341 - django_auth_ldap - DEBUG - Binding as cn=django,ou=ciaer,dc=ciaer,dc=interna
2024-05-16 19:55:05,345 - django_auth_ldap - DEBUG - Invoking search_s('ou=CIAER,dc=ciaer,dc=interna', 2, '(sAMAccountName=camargo_tcb)')
2024-05-16 19:55:05,345 - django_auth_ldap - DEBUG - search_s('ou=CIAER,dc=ciaer,dc=interna', 2, '(sAMAccountName=%(user)s)') returned 0 objects: 
2024-05-16 19:55:05,345 - django_auth_ldap - DEBUG - Authentication failed for camargo_tcb: failed to map the username to a DN.
2024-05-16 19:55:11,080 - django_auth_ldap - DEBUG - Binding as cn=django,ou=ciaer,dc=ciaer,dc=interna
2024-05-16 19:55:11,084 - django_auth_ldap - DEBUG - Invoking search_s('ou=CIAER,dc=ciaer,dc=interna', 2, '(sAMAccountName=ribeiro_ajr)')
2024-05-16 19:55:11,086 - django_auth_ldap - DEBUG - search_s('ou=CIAER,dc=ciaer,dc=interna', 2, '(sAMAccountName=%(user)s)') returned 1 objects: cn=2s sin ribeiro,ou=usuarios,ou=dci,ou=bsb,ou=ciaer,dc=ciaer,dc=interna
2024-05-16 19:55:11,086 - django_auth_ldap - DEBUG - Binding as cn=2s sin ribeiro,ou=usuarios,ou=dci,ou=bsb,ou=ciaer,dc=ciaer,dc=interna
2024-05-16 19:55:11,089 - django_auth_ldap - DEBUG - Populating Django user ribeiro_ajr
2024-05-16 19:55:29,815 - django_auth_ldap - DEBUG - Binding as cn=django,ou=ciaer,dc=ciaer,dc=interna
2024-05-16 19:55:29,819 - django_auth_ldap - DEBUG - Invoking search_s('ou=CIAER,dc=ciaer,dc=interna', 2, '(sAMAccountName=ribeiro_ajr)')
2024-05-16 19:55:29,820 - django_auth_ldap - DEBUG - search_s('ou=CIAER,dc=ciaer,dc=interna', 2, '(sAMAccountName=%(user)s)') returned 1 objects: cn=2s sin ribeiro,ou=usuarios,ou=dci,ou=bsb,ou=ciaer,dc=ciaer,dc=interna
2024-05-16 19:55:29,820 - django_auth_ldap - DEBUG - Binding as cn=2s sin ribeiro,ou=usuarios,ou=dci,ou=bsb,ou=ciaer,dc=ciaer,dc=interna
2024-05-16 19:55:29,822 - django_auth_ldap - DEBUG - Creating Django user ribeiro_ajr
2024-05-16 19:55:29,823 - django_auth_ldap - DEBUG - Populating Django user ribeiro_ajr
2024-05-16 19:55:36,418 - django_auth_ldap - DEBUG - Binding as cn=django,ou=ciaer,dc=ciaer,dc=interna
2024-05-16 19:55:36,421 - django_auth_ldap - DEBUG - Invoking search_s('ou=CIAER,dc=ciaer,dc=interna', 2, '(sAMAccountName=ribeiro_ajr)')
2024-05-16 19:55:36,423 - django_auth_ldap - DEBUG - search_s('ou=CIAER,dc=ciaer,dc=interna', 2, '(sAMAccountName=%(user)s)') returned 1 objects: cn=2s sin ribeiro,ou=usuarios,ou=dci,ou=bsb,ou=ciaer,dc=ciaer,dc=interna
2024-05-16 19:55:36,423 - django_auth_ldap - DEBUG - Binding as cn=2s sin ribeiro,ou=usuarios,ou=dci,ou=bsb,ou=ciaer,dc=ciaer,dc=interna
2024-05-16 19:55:36,425 - django_auth_ldap - DEBUG - Populating Django user ribeiro_ajr
2024-05-16 19:57:00,133 - django_auth_ldap - DEBUG - Binding as cn=django,ou=ciaer,dc=ciaer,dc=interna
2024-05-16 19:57:00,137 - django_auth_ldap - DEBUG - Invoking search_s('ou=CIAER,dc=ciaer,dc=interna', 2, '(sAMAccountName=camargo_tcb)')
2024-05-16 19:57:00,138 - django_auth_ldap - DEBUG - search_s('ou=CIAER,dc=ciaer,dc=interna', 2, '(sAMAccountName=%(user)s)') returned 0 objects: 
2024-05-16 19:57:00,138 - django_auth_ldap - DEBUG - Authentication failed for camargo_tcb: failed to map the username to a DN.
2024-05-16 19:57:03,936 - django_auth_ldap - DEBUG - Binding as cn=django,ou=ciaer,dc=ciaer,dc=interna
2024-05-16 19:57:03,939 - django_auth_ldap - DEBUG - Invoking search_s('ou=CIAER,dc=ciaer,dc=interna', 2, '(sAMAccountName=camargo_tcb)')
2024-05-16 19:57:03,939 - django_auth_ldap - DEBUG - search_s('ou=CIAER,dc=ciaer,dc=interna', 2, '(sAMAccountName=%(user)s)') returned 0 objects: 
2024-05-16 19:57:03,940 - django_auth_ldap - DEBUG - Authentication failed for camargo_tcb: failed to map the username to a DN.
2024-05-16 19:57:10,089 - django_auth_ldap - DEBUG - Binding as cn=django,ou=ciaer,dc=ciaer,dc=interna
2024-05-16 19:57:10,093 - django_auth_ldap - DEBUG - Invoking search_s('ou=CIAER,dc=ciaer,dc=interna', 2, '(sAMAccountName=camargo_tcb)')
2024-05-16 19:57:10,094 - django_auth_ldap - DEBUG - search_s('ou=CIAER,dc=ciaer,dc=interna', 2, '(sAMAccountName=%(user)s)') returned 0 objects: 
2024-05-16 19:57:10,095 - django_auth_ldap - DEBUG - Authentication failed for camargo_tcb: failed to map the username to a DN.
2024-05-16 19:57:12,270 - django_auth_ldap - DEBUG - Binding as cn=django,ou=ciaer,dc=ciaer,dc=interna
2024-05-16 19:57:12,272 - django_auth_ldap - DEBUG - Invoking search_s('ou=CIAER,dc=ciaer,dc=interna', 2, '(sAMAccountName=ribeiro_ajr)')
2024-05-16 19:57:12,274 - django_auth_ldap - DEBUG - search_s('ou=CIAER,dc=ciaer,dc=interna', 2, '(sAMAccountName=%(user)s)') returned 1 objects: cn=2s sin ribeiro,ou=usuarios,ou=dci,ou=bsb,ou=ciaer,dc=ciaer,dc=interna
2024-05-16 19:57:12,274 - django_auth_ldap - DEBUG - Binding as cn=2s sin ribeiro,ou=usuarios,ou=dci,ou=bsb,ou=ciaer,dc=ciaer,dc=interna
2024-05-16 19:57:12,278 - django_auth_ldap - DEBUG - Populating Django user ribeiro_ajr
2024-05-16 19:57:43,807 - django_auth_ldap - DEBUG - Binding as cn=django,ou=ciaer,dc=ciaer,dc=interna
2024-05-16 19:57:43,811 - django_auth_ldap - DEBUG - Invoking search_s('ou=CIAER,dc=ciaer,dc=interna', 2, '(sAMAccountName=ribeiro_ajr)')
2024-05-16 19:57:43,813 - django_auth_ldap - DEBUG - search_s('ou=CIAER,dc=ciaer,dc=interna', 2, '(sAMAccountName=%(user)s)') returned 1 objects: cn=2s sin ribeiro,ou=usuarios,ou=dci,ou=bsb,ou=ciaer,dc=ciaer,dc=interna
2024-05-16 19:57:43,813 - django_auth_ldap - DEBUG - Binding as cn=2s sin ribeiro,ou=usuarios,ou=dci,ou=bsb,ou=ciaer,dc=ciaer,dc=interna
2024-05-16 19:57:43,818 - django_auth_ldap - DEBUG - Creating Django user ribeiro_ajr
2024-05-16 19:57:43,819 - django_auth_ldap - DEBUG - Populating Django user ribeiro_ajr
2024-05-17 10:52:39,972 - django_auth_ldap - DEBUG - Binding as cn=django,ou=ciaer,dc=ciaer,dc=interna
2024-05-17 10:52:40,023 - django_auth_ldap - DEBUG - Invoking search_s('ou=CIAER,dc=ciaer,dc=interna', 2, '(sAMAccountName=admin)')
2024-05-17 10:52:40,024 - django_auth_ldap - DEBUG - search_s('ou=CIAER,dc=ciaer,dc=interna', 2, '(sAMAccountName=%(user)s)') returned 0 objects: 
2024-05-17 10:52:40,024 - django_auth_ldap - DEBUG - Authentication failed for admin: failed to map the username to a DN.
2024-05-17 10:52:52,334 - django_auth_ldap - DEBUG - Binding as cn=django,ou=ciaer,dc=ciaer,dc=interna
2024-05-17 10:52:52,338 - django_auth_ldap - DEBUG - Invoking search_s('ou=CIAER,dc=ciaer,dc=interna', 2, '(sAMAccountName=ribeiro_ajr)')
2024-05-17 10:52:52,339 - django_auth_ldap - DEBUG - search_s('ou=CIAER,dc=ciaer,dc=interna', 2, '(sAMAccountName=%(user)s)') returned 1 objects: cn=2s sin ribeiro,ou=usuarios,ou=dci,ou=bsb,ou=ciaer,dc=ciaer,dc=interna
2024-05-17 10:52:52,339 - django_auth_ldap - DEBUG - Binding as cn=2s sin ribeiro,ou=usuarios,ou=dci,ou=bsb,ou=ciaer,dc=ciaer,dc=interna
2024-05-17 10:52:52,342 - django_auth_ldap - DEBUG - Populating Django user ribeiro_ajr
2024-05-17 11:33:29,573 - django_auth_ldap - DEBUG - Binding as cn=django,ou=ciaer,dc=ciaer,dc=interna
2024-05-17 11:33:29,589 - django_auth_ldap - DEBUG - Invoking search_s('ou=CIAER,dc=ciaer,dc=interna', 2, '(sAMAccountName=camargo_tcb)')
2024-05-17 11:33:29,590 - django_auth_ldap - DEBUG - search_s('ou=CIAER,dc=ciaer,dc=interna', 2, '(sAMAccountName=%(user)s)') returned 0 objects: 
2024-05-17 11:33:29,591 - django_auth_ldap - DEBUG - Authentication failed for camargo_tcb: failed to map the username to a DN.
2024-05-17 11:34:08,147 - django_auth_ldap - DEBUG - Binding as cn=django,ou=ciaer,dc=ciaer,dc=interna
2024-05-17 11:34:08,151 - django_auth_ldap - DEBUG - Invoking search_s('ou=CIAER,dc=ciaer,dc=interna', 2, '(sAMAccountName=camargo_tcb)')
2024-05-17 11:34:08,152 - django_auth_ldap - DEBUG - search_s('ou=CIAER,dc=ciaer,dc=interna', 2, '(sAMAccountName=%(user)s)') returned 0 objects: 
2024-05-17 11:34:08,152 - django_auth_ldap - DEBUG - Authentication failed for camargo_tcb: failed to map the username to a DN.
2024-05-17 11:34:32,999 - django_auth_ldap - DEBUG - Binding as cn=django,ou=ciaer,dc=ciaer,dc=interna
2024-05-17 11:34:33,003 - django_auth_ldap - DEBUG - Invoking search_s('ou=CIAER,dc=ciaer,dc=interna', 2, '(sAMAccountName=ribeiro_ajr)')
2024-05-17 11:34:33,005 - django_auth_ldap - DEBUG - search_s('ou=CIAER,dc=ciaer,dc=interna', 2, '(sAMAccountName=%(user)s)') returned 1 objects: cn=2s sin ribeiro,ou=usuarios,ou=dci,ou=bsb,ou=ciaer,dc=ciaer,dc=interna
2024-05-17 11:34:33,005 - django_auth_ldap - DEBUG - Binding as cn=2s sin ribeiro,ou=usuarios,ou=dci,ou=bsb,ou=ciaer,dc=ciaer,dc=interna
2024-05-17 11:34:33,009 - django_auth_ldap - DEBUG - Populating Django user ribeiro_ajr
2024-05-17 11:35:11,089 - django_auth_ldap - DEBUG - Binding as cn=django,ou=ciaer,dc=ciaer,dc=interna
2024-05-17 11:35:11,093 - django_auth_ldap - DEBUG - Invoking search_s('ou=CIAER,dc=ciaer,dc=interna', 2, '(sAMAccountName=minnikel_ymp)')
2024-05-17 11:35:11,095 - django_auth_ldap - DEBUG - search_s('ou=CIAER,dc=ciaer,dc=interna', 2, '(sAMAccountName=%(user)s)') returned 1 objects: cn=3s sin minnikel,ou=usuarios,ou=dci,ou=bsb,ou=ciaer,dc=ciaer,dc=interna
2024-05-17 11:35:11,095 - django_auth_ldap - DEBUG - Binding as cn=3s sin minnikel,ou=usuarios,ou=dci,ou=bsb,ou=ciaer,dc=ciaer,dc=interna
2024-05-17 11:35:11,099 - django_auth_ldap - DEBUG - Creating Django user minnikel_ymp
2024-05-17 11:35:11,100 - django_auth_ldap - DEBUG - Populating Django user minnikel_ymp
2024-05-17 13:57:21,811 - django_auth_ldap - DEBUG - Binding as cn=django,ou=ciaer,dc=ciaer,dc=interna
2024-05-17 13:57:21,822 - django_auth_ldap - DEBUG - Invoking search_s('ou=CIAER,dc=ciaer,dc=interna', 2, '(sAMAccountName=quadrat_lqf)')
2024-05-17 13:57:21,823 - django_auth_ldap - DEBUG - search_s('ou=CIAER,dc=ciaer,dc=interna', 2, '(sAMAccountName=%(user)s)') returned 0 objects: 
2024-05-17 13:57:21,823 - django_auth_ldap - DEBUG - Authentication failed for quadrat_lqf: failed to map the username to a DN.
2024-05-17 13:57:27,612 - django_auth_ldap - DEBUG - Binding as cn=django,ou=ciaer,dc=ciaer,dc=interna
2024-05-17 13:57:27,616 - django_auth_ldap - DEBUG - Invoking search_s('ou=CIAER,dc=ciaer,dc=interna', 2, '(sAMAccountName=ribeiro_ajr)')
2024-05-17 13:57:27,618 - django_auth_ldap - DEBUG - search_s('ou=CIAER,dc=ciaer,dc=interna', 2, '(sAMAccountName=%(user)s)') returned 1 objects: cn=2s sin ribeiro,ou=usuarios,ou=dci,ou=bsb,ou=ciaer,dc=ciaer,dc=interna
2024-05-17 13:57:27,619 - django_auth_ldap - DEBUG - Binding as cn=2s sin ribeiro,ou=usuarios,ou=dci,ou=bsb,ou=ciaer,dc=ciaer,dc=interna
2024-05-17 13:57:27,623 - django_auth_ldap - DEBUG - Populating Django user ribeiro_ajr
2024-05-17 14:00:40,120 - django_auth_ldap - DEBUG - Binding as cn=django,ou=ciaer,dc=ciaer,dc=interna
2024-05-17 14:00:40,125 - django_auth_ldap - DEBUG - Invoking search_s('ou=CIAER,dc=ciaer,dc=interna', 2, '(sAMAccountName=admin)')
2024-05-17 14:00:40,126 - django_auth_ldap - DEBUG - search_s('ou=CIAER,dc=ciaer,dc=interna', 2, '(sAMAccountName=%(user)s)') returned 0 objects: 
2024-05-17 14:00:40,126 - django_auth_ldap - DEBUG - Authentication failed for admin: failed to map the username to a DN.
2024-05-17 14:00:58,609 - django_auth_ldap - DEBUG - Binding as cn=django,ou=ciaer,dc=ciaer,dc=interna
2024-05-17 14:00:58,613 - django_auth_ldap - DEBUG - Invoking search_s('ou=CIAER,dc=ciaer,dc=interna', 2, '(sAMAccountName=ribeiro_ajr)')
2024-05-17 14:00:58,614 - django_auth_ldap - DEBUG - search_s('ou=CIAER,dc=ciaer,dc=interna', 2, '(sAMAccountName=%(user)s)') returned 1 objects: cn=2s sin ribeiro,ou=usuarios,ou=dci,ou=bsb,ou=ciaer,dc=ciaer,dc=interna
2024-05-17 14:00:58,614 - django_auth_ldap - DEBUG - Binding as cn=2s sin ribeiro,ou=usuarios,ou=dci,ou=bsb,ou=ciaer,dc=ciaer,dc=interna
2024-05-17 14:00:58,619 - django_auth_ldap - DEBUG - Populating Django user ribeiro_ajr
2024-05-17 14:05:01,784 - django_auth_ldap - DEBUG - Binding as cn=django,ou=ciaer,dc=ciaer,dc=interna
2024-05-17 14:05:01,789 - django_auth_ldap - DEBUG - Invoking search_s('ou=CIAER,dc=ciaer,dc=interna', 2, '(sAMAccountName=quadrat_lfq)')
2024-05-17 14:05:01,790 - django_auth_ldap - DEBUG - search_s('ou=CIAER,dc=ciaer,dc=interna', 2, '(sAMAccountName=%(user)s)') returned 1 objects: cn=1s sin quadrat,ou=usuarios,ou=dci,ou=bsb,ou=ciaer,dc=ciaer,dc=interna
2024-05-17 14:05:01,791 - django_auth_ldap - DEBUG - Binding as cn=1s sin quadrat,ou=usuarios,ou=dci,ou=bsb,ou=ciaer,dc=ciaer,dc=interna
2024-05-17 14:05:01,800 - django_auth_ldap - DEBUG - Creating Django user quadrat_lfq
2024-05-17 14:05:01,800 - django_auth_ldap - DEBUG - Populating Django user quadrat_lfq
2024-05-17 14:11:02,016 - django_auth_ldap - DEBUG - Binding as cn=django,ou=ciaer,dc=ciaer,dc=interna
2024-05-17 14:11:02,020 - django_auth_ldap - DEBUG - Invoking search_s('ou=CIAER,dc=ciaer,dc=interna', 2, '(sAMAccountName=ribeiro_ajr)')
2024-05-17 14:11:02,022 - django_auth_ldap - DEBUG - search_s('ou=CIAER,dc=ciaer,dc=interna', 2, '(sAMAccountName=%(user)s)') returned 1 objects: cn=2s sin ribeiro,ou=usuarios,ou=dci,ou=bsb,ou=ciaer,dc=ciaer,dc=interna
2024-05-17 14:11:02,022 - django_auth_ldap - DEBUG - Binding as cn=2s sin ribeiro,ou=usuarios,ou=dci,ou=bsb,ou=ciaer,dc=ciaer,dc=interna
2024-05-17 14:11:02,027 - django_auth_ldap - DEBUG - Populating Django user ribeiro_ajr
2024-05-17 14:12:40,456 - django_auth_ldap - DEBUG - Binding as cn=django,ou=ciaer,dc=ciaer,dc=interna
2024-05-17 14:12:40,460 - django_auth_ldap - DEBUG - Invoking search_s('ou=CIAER,dc=ciaer,dc=interna', 2, '(sAMAccountName=ribeiro_ajr)')
2024-05-17 14:12:40,461 - django_auth_ldap - DEBUG - search_s('ou=CIAER,dc=ciaer,dc=interna', 2, '(sAMAccountName=%(user)s)') returned 1 objects: cn=2s sin ribeiro,ou=usuarios,ou=dci,ou=bsb,ou=ciaer,dc=ciaer,dc=interna
2024-05-17 14:12:40,461 - django_auth_ldap - DEBUG - Binding as cn=2s sin ribeiro,ou=usuarios,ou=dci,ou=bsb,ou=ciaer,dc=ciaer,dc=interna
2024-05-17 14:12:40,466 - django_auth_ldap - DEBUG - Populating Django user ribeiro_ajr
2024-05-17 14:13:15,360 - django_auth_ldap - DEBUG - Binding as cn=django,ou=ciaer,dc=ciaer,dc=interna
2024-05-17 14:13:15,364 - django_auth_ldap - DEBUG - Invoking search_s('ou=CIAER,dc=ciaer,dc=interna', 2, '(sAMAccountName=ribeiro_ajr)')
2024-05-17 14:13:15,365 - django_auth_ldap - DEBUG - search_s('ou=CIAER,dc=ciaer,dc=interna', 2, '(sAMAccountName=%(user)s)') returned 1 objects: cn=2s sin ribeiro,ou=usuarios,ou=dci,ou=bsb,ou=ciaer,dc=ciaer,dc=interna
2024-05-17 14:13:15,365 - django_auth_ldap - DEBUG - Binding as cn=2s sin ribeiro,ou=usuarios,ou=dci,ou=bsb,ou=ciaer,dc=ciaer,dc=interna
2024-05-17 14:13:15,370 - django_auth_ldap - DEBUG - Populating Django user ribeiro_ajr
2024-05-17 14:50:53,662 - django_auth_ldap - DEBUG - Binding as cn=django,ou=ciaer,dc=ciaer,dc=interna
2024-05-17 14:50:53,682 - django_auth_ldap - DEBUG - Invoking search_s('ou=CIAER,dc=ciaer,dc=interna', 2, '(sAMAccountName=esposito_rvce)')
2024-05-17 14:50:53,684 - django_auth_ldap - DEBUG - search_s('ou=CIAER,dc=ciaer,dc=interna', 2, '(sAMAccountName=%(user)s)') returned 1 objects: cn=cel av espósito,ou=usuarios,ou=dci,ou=bsb,ou=ciaer,dc=ciaer,dc=interna
2024-05-17 14:50:53,685 - django_auth_ldap - DEBUG - Binding as cn=cel av espósito,ou=usuarios,ou=dci,ou=bsb,ou=ciaer,dc=ciaer,dc=interna
2024-05-17 14:50:53,693 - django_auth_ldap - DEBUG - Creating Django user esposito_rvce
2024-05-17 14:50:53,693 - django_auth_ldap - DEBUG - Populating Django user esposito_rvce
2024-05-20 13:24:17,741 - django_auth_ldap - DEBUG - Binding as cn=django,ou=ciaer,dc=ciaer,dc=interna
2024-05-20 13:24:17,752 - django_auth_ldap - DEBUG - Invoking search_s('ou=CIAER,dc=ciaer,dc=interna', 2, '(sAMAccountName=almeida_faas)')
2024-05-20 13:24:17,753 - django_auth_ldap - DEBUG - search_s('ou=CIAER,dc=ciaer,dc=interna', 2, '(sAMAccountName=%(user)s)') returned 1 objects: cn=cap eng almeida,ou=usuarios,ou=dci,ou=bsb,ou=ciaer,dc=ciaer,dc=interna
2024-05-20 13:24:17,753 - django_auth_ldap - DEBUG - Binding as cn=cap eng almeida,ou=usuarios,ou=dci,ou=bsb,ou=ciaer,dc=ciaer,dc=interna
2024-05-20 13:24:17,756 - django_auth_ldap - DEBUG - Creating Django user almeida_faas
2024-05-20 13:24:17,757 - django_auth_ldap - DEBUG - Populating Django user almeida_faas
2024-05-21 18:34:45,140 - django_auth_ldap - DEBUG - Binding as cn=django,ou=ciaer,dc=ciaer,dc=interna
2024-05-21 18:34:45,157 - django_auth_ldap - DEBUG - Invoking search_s('ou=CIAER,dc=ciaer,dc=interna', 2, '(sAMAccountName=ribeiro_ajr)')
2024-05-21 18:34:45,159 - django_auth_ldap - DEBUG - search_s('ou=CIAER,dc=ciaer,dc=interna', 2, '(sAMAccountName=%(user)s)') returned 1 objects: cn=2s sin ribeiro,ou=usuarios,ou=dci,ou=bsb,ou=ciaer,dc=ciaer,dc=interna
2024-05-21 18:34:45,159 - django_auth_ldap - DEBUG - Binding as cn=2s sin ribeiro,ou=usuarios,ou=dci,ou=bsb,ou=ciaer,dc=ciaer,dc=interna
2024-05-21 18:34:45,164 - django_auth_ldap - DEBUG - Populating Django user ribeiro_ajr
2024-05-22 11:33:06,886 - django_auth_ldap - DEBUG - Binding as cn=django,ou=ciaer,dc=ciaer,dc=interna
2024-05-22 11:33:06,938 - django_auth_ldap - DEBUG - Invoking search_s('ou=CIAER,dc=ciaer,dc=interna', 2, '(sAMAccountName=ribeiro_ajr)')
2024-05-22 11:33:06,941 - django_auth_ldap - DEBUG - search_s('ou=CIAER,dc=ciaer,dc=interna', 2, '(sAMAccountName=%(user)s)') returned 1 objects: cn=2s sin ribeiro,ou=usuarios,ou=dci,ou=bsb,ou=ciaer,dc=ciaer,dc=interna
2024-05-22 11:33:06,941 - django_auth_ldap - DEBUG - Binding as cn=2s sin ribeiro,ou=usuarios,ou=dci,ou=bsb,ou=ciaer,dc=ciaer,dc=interna
2024-05-22 11:33:07,001 - django_auth_ldap - DEBUG - Populating Django user ribeiro_ajr
2024-05-22 12:29:38,567 - django_auth_ldap - DEBUG - Binding as cn=django,ou=ciaer,dc=ciaer,dc=interna
2024-05-22 12:29:38,577 - django_auth_ldap - DEBUG - Invoking search_s('ou=CIAER,dc=ciaer,dc=interna', 2, '(sAMAccountName=ribeiro_ajr)')
2024-05-22 12:29:38,578 - django_auth_ldap - DEBUG - search_s('ou=CIAER,dc=ciaer,dc=interna', 2, '(sAMAccountName=%(user)s)') returned 1 objects: cn=2s sin ribeiro,ou=usuarios,ou=dci,ou=bsb,ou=ciaer,dc=ciaer,dc=interna
2024-05-22 12:29:38,579 - django_auth_ldap - DEBUG - Binding as cn=2s sin ribeiro,ou=usuarios,ou=dci,ou=bsb,ou=ciaer,dc=ciaer,dc=interna
2024-05-22 12:29:38,583 - django_auth_ldap - DEBUG - Populating Django user ribeiro_ajr
2024-05-24 12:34:19,877 - django_auth_ldap - DEBUG - Binding as cn=django,ou=ciaer,dc=ciaer,dc=interna
2024-05-24 12:34:19,913 - django_auth_ldap - DEBUG - Invoking search_s('ou=CIAER,dc=ciaer,dc=interna', 2, '(sAMAccountName=ribeiro_ajr)')
2024-05-24 12:34:19,914 - django_auth_ldap - DEBUG - search_s('ou=CIAER,dc=ciaer,dc=interna', 2, '(sAMAccountName=%(user)s)') returned 1 objects: cn=2s sin ribeiro,ou=usuarios,ou=dci,ou=bsb,ou=ciaer,dc=ciaer,dc=interna
2024-05-24 12:34:19,914 - django_auth_ldap - DEBUG - Binding as cn=2s sin ribeiro,ou=usuarios,ou=dci,ou=bsb,ou=ciaer,dc=ciaer,dc=interna
2024-05-24 12:34:19,919 - django_auth_ldap - DEBUG - Populating Django user ribeiro_ajr
2024-05-24 12:34:32,699 - django_auth_ldap - DEBUG - Binding as cn=django,ou=ciaer,dc=ciaer,dc=interna
2024-05-24 12:34:32,709 - django_auth_ldap - DEBUG - Invoking search_s('ou=CIAER,dc=ciaer,dc=interna', 2, '(sAMAccountName=admin)')
2024-05-24 12:34:32,710 - django_auth_ldap - DEBUG - search_s('ou=CIAER,dc=ciaer,dc=interna', 2, '(sAMAccountName=%(user)s)') returned 0 objects: 
2024-05-24 12:34:32,710 - django_auth_ldap - DEBUG - Authentication failed for admin: failed to map the username to a DN.
2024-05-24 12:43:33,833 - django_auth_ldap - DEBUG - Binding as cn=django,ou=ciaer,dc=ciaer,dc=interna
2024-05-24 12:43:33,838 - django_auth_ldap - DEBUG - Invoking search_s('ou=CIAER,dc=ciaer,dc=interna', 2, '(sAMAccountName=admin)')
2024-05-24 12:43:33,839 - django_auth_ldap - DEBUG - search_s('ou=CIAER,dc=ciaer,dc=interna', 2, '(sAMAccountName=%(user)s)') returned 0 objects: 
2024-05-24 12:43:33,839 - django_auth_ldap - DEBUG - Authentication failed for admin: failed to map the username to a DN.
2024-05-24 13:32:05,909 - django_auth_ldap - DEBUG - Binding as cn=django,ou=ciaer,dc=ciaer,dc=interna
2024-05-24 13:32:05,921 - django_auth_ldap - DEBUG - Invoking search_s('ou=CIAER,dc=ciaer,dc=interna', 2, '(sAMAccountName=ribeiro)')
2024-05-24 13:32:05,922 - django_auth_ldap - DEBUG - search_s('ou=CIAER,dc=ciaer,dc=interna', 2, '(sAMAccountName=%(user)s)') returned 0 objects: 
2024-05-24 13:32:05,922 - django_auth_ldap - DEBUG - Authentication failed for ribeiro: failed to map the username to a DN.
2024-05-24 13:32:13,267 - django_auth_ldap - DEBUG - Binding as cn=django,ou=ciaer,dc=ciaer,dc=interna
2024-05-24 13:32:13,271 - django_auth_ldap - DEBUG - Invoking search_s('ou=CIAER,dc=ciaer,dc=interna', 2, '(sAMAccountName=ribeiro_ajr)')
2024-05-24 13:32:13,272 - django_auth_ldap - DEBUG - search_s('ou=CIAER,dc=ciaer,dc=interna', 2, '(sAMAccountName=%(user)s)') returned 1 objects: cn=2s sin ribeiro,ou=usuarios,ou=dci,ou=bsb,ou=ciaer,dc=ciaer,dc=interna
2024-05-24 13:32:13,272 - django_auth_ldap - DEBUG - Binding as cn=2s sin ribeiro,ou=usuarios,ou=dci,ou=bsb,ou=ciaer,dc=ciaer,dc=interna
2024-05-24 13:32:13,277 - django_auth_ldap - DEBUG - Populating Django user ribeiro_ajr
2024-05-24 14:01:50,149 - django_auth_ldap - DEBUG - Binding as cn=django,ou=ciaer,dc=ciaer,dc=interna
2024-05-24 14:01:50,160 - django_auth_ldap - DEBUG - Invoking search_s('ou=CIAER,dc=ciaer,dc=interna', 2, '(sAMAccountName=ribeiro_ajr)')
2024-05-24 14:01:50,162 - django_auth_ldap - DEBUG - search_s('ou=CIAER,dc=ciaer,dc=interna', 2, '(sAMAccountName=%(user)s)') returned 1 objects: cn=2s sin ribeiro,ou=usuarios,ou=dci,ou=bsb,ou=ciaer,dc=ciaer,dc=interna
2024-05-24 14:01:50,162 - django_auth_ldap - DEBUG - Binding as cn=2s sin ribeiro,ou=usuarios,ou=dci,ou=bsb,ou=ciaer,dc=ciaer,dc=interna
2024-05-24 14:01:50,167 - django_auth_ldap - DEBUG - Populating Django user ribeiro_ajr
2024-05-24 19:00:10,508 - django_auth_ldap - DEBUG - Binding as cn=django,ou=ciaer,dc=ciaer,dc=interna
2024-05-24 19:00:10,514 - django_auth_ldap - DEBUG - Invoking search_s('ou=CIAER,dc=ciaer,dc=interna', 2, '(sAMAccountName=admin)')
2024-05-24 19:00:10,515 - django_auth_ldap - DEBUG - search_s('ou=CIAER,dc=ciaer,dc=interna', 2, '(sAMAccountName=%(user)s)') returned 0 objects: 
2024-05-24 19:00:10,515 - django_auth_ldap - DEBUG - Authentication failed for admin: failed to map the username to a DN.
2024-05-24 19:14:47,430 - django_auth_ldap - DEBUG - Binding as cn=django,ou=ciaer,dc=ciaer,dc=interna
2024-05-24 19:14:47,435 - django_auth_ldap - DEBUG - Invoking search_s('ou=CIAER,dc=ciaer,dc=interna', 2, '(sAMAccountName=ribeiro_ajr)')
2024-05-24 19:14:47,436 - django_auth_ldap - DEBUG - search_s('ou=CIAER,dc=ciaer,dc=interna', 2, '(sAMAccountName=%(user)s)') returned 1 objects: cn=2s sin ribeiro,ou=usuarios,ou=dci,ou=bsb,ou=ciaer,dc=ciaer,dc=interna
2024-05-24 19:14:47,437 - django_auth_ldap - DEBUG - Binding as cn=2s sin ribeiro,ou=usuarios,ou=dci,ou=bsb,ou=ciaer,dc=ciaer,dc=interna
2024-05-24 19:14:47,440 - django_auth_ldap - DEBUG - Populating Django user ribeiro_ajr
2024-05-24 19:16:56,056 - django_auth_ldap - DEBUG - Binding as cn=django,ou=ciaer,dc=ciaer,dc=interna
2024-05-24 19:16:56,072 - django_auth_ldap - DEBUG - Invoking search_s('ou=CIAER,dc=ciaer,dc=interna', 2, '(sAMAccountName=ribeiro_ajr)')
2024-05-24 19:16:56,074 - django_auth_ldap - DEBUG - search_s('ou=CIAER,dc=ciaer,dc=interna', 2, '(sAMAccountName=%(user)s)') returned 1 objects: cn=2s sin ribeiro,ou=usuarios,ou=dci,ou=bsb,ou=ciaer,dc=ciaer,dc=interna
2024-05-24 19:16:56,074 - django_auth_ldap - DEBUG - Binding as cn=2s sin ribeiro,ou=usuarios,ou=dci,ou=bsb,ou=ciaer,dc=ciaer,dc=interna
2024-05-24 19:16:56,079 - django_auth_ldap - DEBUG - Populating Django user ribeiro_ajr
2024-05-24 19:17:22,272 - django_auth_ldap - DEBUG - Binding as cn=django,ou=ciaer,dc=ciaer,dc=interna
2024-05-24 19:17:22,275 - django_auth_ldap - DEBUG - Invoking search_s('ou=CIAER,dc=ciaer,dc=interna', 2, '(sAMAccountName=ribeiro_ajr)')
2024-05-24 19:17:22,276 - django_auth_ldap - DEBUG - search_s('ou=CIAER,dc=ciaer,dc=interna', 2, '(sAMAccountName=%(user)s)') returned 1 objects: cn=2s sin ribeiro,ou=usuarios,ou=dci,ou=bsb,ou=ciaer,dc=ciaer,dc=interna
2024-05-24 19:17:22,277 - django_auth_ldap - DEBUG - Binding as cn=2s sin ribeiro,ou=usuarios,ou=dci,ou=bsb,ou=ciaer,dc=ciaer,dc=interna
2024-05-24 19:17:22,282 - django_auth_ldap - DEBUG - Creating Django user ribeiro_ajr
2024-05-24 19:17:22,282 - django_auth_ldap - DEBUG - Populating Django user ribeiro_ajr
2024-05-24 19:19:00,690 - django_auth_ldap - DEBUG - Binding as cn=django,ou=ciaer,dc=ciaer,dc=interna
2024-05-24 19:19:00,694 - django_auth_ldap - DEBUG - Invoking search_s('ou=CIAER,dc=ciaer,dc=interna', 2, '(sAMAccountName=ribeiro_ajr)')
2024-05-24 19:19:00,696 - django_auth_ldap - DEBUG - search_s('ou=CIAER,dc=ciaer,dc=interna', 2, '(sAMAccountName=%(user)s)') returned 1 objects: cn=2s sin ribeiro,ou=usuarios,ou=dci,ou=bsb,ou=ciaer,dc=ciaer,dc=interna
2024-05-24 19:19:00,696 - django_auth_ldap - DEBUG - Binding as cn=2s sin ribeiro,ou=usuarios,ou=dci,ou=bsb,ou=ciaer,dc=ciaer,dc=interna
2024-05-24 19:19:00,704 - django_auth_ldap - DEBUG - Populating Django user ribeiro_ajr
2024-05-27 13:43:21,477 - django_auth_ldap - DEBUG - Binding as cn=django,ou=ciaer,dc=ciaer,dc=interna
2024-05-27 13:43:21,486 - django_auth_ldap - DEBUG - Invoking search_s('ou=CIAER,dc=ciaer,dc=interna', 2, '(sAMAccountName=ribeiro_ajr)')
2024-05-27 13:43:21,487 - django_auth_ldap - DEBUG - search_s('ou=CIAER,dc=ciaer,dc=interna', 2, '(sAMAccountName=%(user)s)') returned 1 objects: cn=2s sin ribeiro,ou=usuarios,ou=dci,ou=bsb,ou=ciaer,dc=ciaer,dc=interna
2024-05-27 13:43:21,487 - django_auth_ldap - DEBUG - Binding as cn=2s sin ribeiro,ou=usuarios,ou=dci,ou=bsb,ou=ciaer,dc=ciaer,dc=interna
2024-05-27 13:43:21,491 - django_auth_ldap - DEBUG - Creating Django user ribeiro_ajr
2024-05-27 13:43:21,491 - django_auth_ldap - DEBUG - Populating Django user ribeiro_ajr
2024-05-27 13:44:15,662 - django_auth_ldap - DEBUG - Binding as cn=django,ou=ciaer,dc=ciaer,dc=interna
2024-05-27 13:44:15,678 - django_auth_ldap - DEBUG - Invoking search_s('ou=CIAER,dc=ciaer,dc=interna', 2, '(sAMAccountName=admin)')
2024-05-27 13:44:15,679 - django_auth_ldap - DEBUG - search_s('ou=CIAER,dc=ciaer,dc=interna', 2, '(sAMAccountName=%(user)s)') returned 0 objects: 
2024-05-27 13:44:15,679 - django_auth_ldap - DEBUG - Authentication failed for admin: failed to map the username to a DN.
2024-05-27 13:46:12,862 - django_auth_ldap - DEBUG - Binding as cn=django,ou=ciaer,dc=ciaer,dc=interna
2024-05-27 13:46:12,866 - django_auth_ldap - DEBUG - Invoking search_s('ou=CIAER,dc=ciaer,dc=interna', 2, '(sAMAccountName=ribeiro_ajr)')
2024-05-27 13:46:12,868 - django_auth_ldap - DEBUG - search_s('ou=CIAER,dc=ciaer,dc=interna', 2, '(sAMAccountName=%(user)s)') returned 1 objects: cn=2s sin ribeiro,ou=usuarios,ou=dci,ou=bsb,ou=ciaer,dc=ciaer,dc=interna
2024-05-27 13:46:12,868 - django_auth_ldap - DEBUG - Binding as cn=2s sin ribeiro,ou=usuarios,ou=dci,ou=bsb,ou=ciaer,dc=ciaer,dc=interna
2024-05-27 13:46:12,873 - django_auth_ldap - DEBUG - Creating Django user ribeiro_ajr
2024-05-27 13:46:12,873 - django_auth_ldap - DEBUG - Populating Django user ribeiro_ajr
2024-05-27 13:52:37,261 - django_auth_ldap - DEBUG - Binding as cn=django,ou=ciaer,dc=ciaer,dc=interna
2024-05-27 13:52:37,279 - django_auth_ldap - DEBUG - Invoking search_s('ou=CIAER,dc=ciaer,dc=interna', 2, '(sAMAccountName=ribeiro_ajr)')
2024-05-27 13:52:37,281 - django_auth_ldap - DEBUG - search_s('ou=CIAER,dc=ciaer,dc=interna', 2, '(sAMAccountName=%(user)s)') returned 1 objects: cn=2s sin ribeiro,ou=usuarios,ou=dci,ou=bsb,ou=ciaer,dc=ciaer,dc=interna
2024-05-27 13:52:37,282 - django_auth_ldap - DEBUG - Binding as cn=2s sin ribeiro,ou=usuarios,ou=dci,ou=bsb,ou=ciaer,dc=ciaer,dc=interna
2024-05-27 13:52:37,290 - django_auth_ldap - DEBUG - Creating Django user ribeiro_ajr
2024-05-27 13:52:37,290 - django_auth_ldap - DEBUG - Populating Django user ribeiro_ajr
2024-05-27 14:35:52,638 - django_auth_ldap - DEBUG - Binding as cn=django,ou=ciaer,dc=ciaer,dc=interna
2024-05-27 14:35:52,649 - django_auth_ldap - DEBUG - Invoking search_s('ou=CIAER,dc=ciaer,dc=interna', 2, '(sAMAccountName=admin)')
2024-05-27 14:35:52,650 - django_auth_ldap - DEBUG - search_s('ou=CIAER,dc=ciaer,dc=interna', 2, '(sAMAccountName=%(user)s)') returned 0 objects: 
2024-05-27 14:35:52,650 - django_auth_ldap - DEBUG - Authentication failed for admin: failed to map the username to a DN.
2024-05-28 12:29:33,559 - django_auth_ldap - DEBUG - Binding as cn=django,ou=ciaer,dc=ciaer,dc=interna
2024-05-28 12:29:33,623 - django_auth_ldap - DEBUG - Invoking search_s('ou=CIAER,dc=ciaer,dc=interna', 2, '(sAMAccountName=admin)')
2024-05-28 12:29:33,624 - django_auth_ldap - DEBUG - search_s('ou=CIAER,dc=ciaer,dc=interna', 2, '(sAMAccountName=%(user)s)') returned 0 objects: 
2024-05-28 12:29:33,624 - django_auth_ldap - DEBUG - Authentication failed for admin: failed to map the username to a DN.
2024-05-28 12:30:43,038 - django_auth_ldap - DEBUG - Binding as cn=django,ou=ciaer,dc=ciaer,dc=interna
2024-05-28 12:30:43,043 - django_auth_ldap - DEBUG - Invoking search_s('ou=CIAER,dc=ciaer,dc=interna', 2, '(sAMAccountName=ribeiro_ajr)')
2024-05-28 12:30:43,045 - django_auth_ldap - DEBUG - search_s('ou=CIAER,dc=ciaer,dc=interna', 2, '(sAMAccountName=%(user)s)') returned 1 objects: cn=2s sin ribeiro,ou=usuarios,ou=dci,ou=bsb,ou=ciaer,dc=ciaer,dc=interna
2024-05-28 12:30:43,045 - django_auth_ldap - DEBUG - Binding as cn=2s sin ribeiro,ou=usuarios,ou=dci,ou=bsb,ou=ciaer,dc=ciaer,dc=interna
2024-05-28 12:30:43,047 - django_auth_ldap - DEBUG - Populating Django user ribeiro_ajr
2024-05-28 12:37:19,093 - django_auth_ldap - DEBUG - Binding as cn=django,ou=ciaer,dc=ciaer,dc=interna
2024-05-28 12:37:19,097 - django_auth_ldap - DEBUG - Invoking search_s('ou=CIAER,dc=ciaer,dc=interna', 2, '(sAMAccountName=helder_hnl)')
2024-05-28 12:37:19,099 - django_auth_ldap - DEBUG - search_s('ou=CIAER,dc=ciaer,dc=interna', 2, '(sAMAccountName=%(user)s)') returned 1 objects: cn=3s sgs helder,ou=usuarios,ou=chf,ou=bsb,ou=ciaer,dc=ciaer,dc=interna
2024-05-28 12:37:19,099 - django_auth_ldap - DEBUG - Binding as cn=3s sgs helder,ou=usuarios,ou=chf,ou=bsb,ou=ciaer,dc=ciaer,dc=interna
2024-05-28 12:37:19,102 - django_auth_ldap - DEBUG - Populating Django user helder_hnl
2024-05-28 18:16:21,756 - django_auth_ldap - DEBUG - Binding as cn=django,ou=ciaer,dc=ciaer,dc=interna
2024-05-28 18:16:21,760 - django_auth_ldap - DEBUG - Invoking search_s('ou=CIAER,dc=ciaer,dc=interna', 2, '(sAMAccountName=ribeiro_ajr)')
2024-05-28 18:16:21,765 - django_auth_ldap - DEBUG - search_s('ou=CIAER,dc=ciaer,dc=interna', 2, '(sAMAccountName=%(user)s)') returned 1 objects: cn=2s sin ribeiro,ou=usuarios,ou=dci,ou=bsb,ou=ciaer,dc=ciaer,dc=interna
2024-05-28 18:16:21,767 - django_auth_ldap - DEBUG - Binding as cn=2s sin ribeiro,ou=usuarios,ou=dci,ou=bsb,ou=ciaer,dc=ciaer,dc=interna
2024-05-28 18:16:21,775 - django_auth_ldap - DEBUG - Populating Django user ribeiro_ajr
2024-05-28 18:40:16,618 - django_auth_ldap - DEBUG - Binding as cn=django,ou=ciaer,dc=ciaer,dc=interna
2024-05-28 18:40:16,631 - django_auth_ldap - DEBUG - Invoking search_s('ou=CIAER,dc=ciaer,dc=interna', 2, '(sAMAccountName=ribeiro_ajr)')
2024-05-28 18:40:16,635 - django_auth_ldap - DEBUG - search_s('ou=CIAER,dc=ciaer,dc=interna', 2, '(sAMAccountName=%(user)s)') returned 1 objects: cn=2s sin ribeiro,ou=usuarios,ou=dci,ou=bsb,ou=ciaer,dc=ciaer,dc=interna
2024-05-28 18:40:16,636 - django_auth_ldap - DEBUG - Binding as cn=2s sin ribeiro,ou=usuarios,ou=dci,ou=bsb,ou=ciaer,dc=ciaer,dc=interna
2024-05-28 18:40:16,656 - django_auth_ldap - DEBUG - Populating Django user ribeiro_ajr
2024-05-28 18:41:26,982 - django_auth_ldap - DEBUG - Binding as cn=django,ou=ciaer,dc=ciaer,dc=interna
2024-05-28 18:41:26,988 - django_auth_ldap - DEBUG - Invoking search_s('ou=CIAER,dc=ciaer,dc=interna', 2, '(sAMAccountName=ribeiro_ajr)')
2024-05-28 18:41:26,992 - django_auth_ldap - DEBUG - search_s('ou=CIAER,dc=ciaer,dc=interna', 2, '(sAMAccountName=%(user)s)') returned 1 objects: cn=2s sin ribeiro,ou=usuarios,ou=dci,ou=bsb,ou=ciaer,dc=ciaer,dc=interna
2024-05-28 18:41:26,994 - django_auth_ldap - DEBUG - Binding as cn=2s sin ribeiro,ou=usuarios,ou=dci,ou=bsb,ou=ciaer,dc=ciaer,dc=interna
2024-05-28 18:41:27,004 - django_auth_ldap - DEBUG - Populating Django user ribeiro_ajr
2024-05-28 18:43:54,256 - django_auth_ldap - DEBUG - Binding as cn=django,ou=ciaer,dc=ciaer,dc=interna
2024-05-28 18:43:54,260 - django_auth_ldap - DEBUG - Invoking search_s('ou=CIAER,dc=ciaer,dc=interna', 2, '(sAMAccountName=ribeiro_ajr)')
2024-05-28 18:43:54,264 - django_auth_ldap - DEBUG - search_s('ou=CIAER,dc=ciaer,dc=interna', 2, '(sAMAccountName=%(user)s)') returned 1 objects: cn=2s sin ribeiro,ou=usuarios,ou=dci,ou=bsb,ou=ciaer,dc=ciaer,dc=interna
2024-05-28 18:43:54,265 - django_auth_ldap - DEBUG - Binding as cn=2s sin ribeiro,ou=usuarios,ou=dci,ou=bsb,ou=ciaer,dc=ciaer,dc=interna
2024-05-28 18:43:54,272 - django_auth_ldap - DEBUG - Populating Django user ribeiro_ajr
2024-05-28 19:10:59,089 - django_auth_ldap - DEBUG - Binding as cn=django,ou=ciaer,dc=ciaer,dc=interna
2024-05-28 19:10:59,101 - django_auth_ldap - DEBUG - Invoking search_s('ou=CIAER,dc=ciaer,dc=interna', 2, '(sAMAccountName=ribeiro_ajr)')
2024-05-28 19:10:59,106 - django_auth_ldap - DEBUG - search_s('ou=CIAER,dc=ciaer,dc=interna', 2, '(sAMAccountName=%(user)s)') returned 1 objects: cn=2s sin ribeiro,ou=usuarios,ou=dci,ou=bsb,ou=ciaer,dc=ciaer,dc=interna
2024-05-28 19:10:59,108 - django_auth_ldap - DEBUG - Binding as cn=2s sin ribeiro,ou=usuarios,ou=dci,ou=bsb,ou=ciaer,dc=ciaer,dc=interna
2024-05-28 19:10:59,125 - django_auth_ldap - DEBUG - Populating Django user ribeiro_ajr
2024-05-28 19:19:27,166 - django_auth_ldap - DEBUG - Binding as cn=django,ou=ciaer,dc=ciaer,dc=interna
2024-05-28 19:19:27,183 - django_auth_ldap - DEBUG - Invoking search_s('ou=CIAER,dc=ciaer,dc=interna', 2, '(sAMAccountName=ribeiro_ajr)')
2024-05-28 19:19:27,188 - django_auth_ldap - DEBUG - search_s('ou=CIAER,dc=ciaer,dc=interna', 2, '(sAMAccountName=%(user)s)') returned 1 objects: cn=2s sin ribeiro,ou=usuarios,ou=dci,ou=bsb,ou=ciaer,dc=ciaer,dc=interna
2024-05-28 19:19:27,190 - django_auth_ldap - DEBUG - Binding as cn=2s sin ribeiro,ou=usuarios,ou=dci,ou=bsb,ou=ciaer,dc=ciaer,dc=interna
2024-05-28 19:19:27,197 - django_auth_ldap - DEBUG - Populating Django user ribeiro_ajr
2024-05-29 12:50:57,810 - django_auth_ldap - DEBUG - Binding as cn=django,ou=ciaer,dc=ciaer,dc=interna
2024-05-29 12:50:57,820 - django_auth_ldap - DEBUG - Invoking search_s('ou=CIAER,dc=ciaer,dc=interna', 2, '(sAMAccountName=ribeiro_ajr)')
2024-05-29 12:50:57,824 - django_auth_ldap - DEBUG - search_s('ou=CIAER,dc=ciaer,dc=interna', 2, '(sAMAccountName=%(user)s)') returned 1 objects: cn=2s sin ribeiro,ou=usuarios,ou=dci,ou=bsb,ou=ciaer,dc=ciaer,dc=interna
2024-05-29 12:50:57,826 - django_auth_ldap - DEBUG - Binding as cn=2s sin ribeiro,ou=usuarios,ou=dci,ou=bsb,ou=ciaer,dc=ciaer,dc=interna
2024-05-29 12:50:57,837 - django_auth_ldap - DEBUG - Populating Django user ribeiro_ajr
2024-05-29 12:54:34,398 - django_auth_ldap - DEBUG - Binding as cn=django,ou=ciaer,dc=ciaer,dc=interna
2024-05-29 12:54:34,401 - django_auth_ldap - DEBUG - Invoking search_s('ou=CIAER,dc=ciaer,dc=interna', 2, '(sAMAccountName=ribeiro_ajr)')
2024-05-29 12:54:34,406 - django_auth_ldap - DEBUG - search_s('ou=CIAER,dc=ciaer,dc=interna', 2, '(sAMAccountName=%(user)s)') returned 1 objects: cn=2s sin ribeiro,ou=usuarios,ou=dci,ou=bsb,ou=ciaer,dc=ciaer,dc=interna
2024-05-29 12:54:34,408 - django_auth_ldap - DEBUG - Binding as cn=2s sin ribeiro,ou=usuarios,ou=dci,ou=bsb,ou=ciaer,dc=ciaer,dc=interna
2024-05-29 12:54:34,417 - django_auth_ldap - DEBUG - Populating Django user ribeiro_ajr
2024-05-29 14:12:52,965 - django_auth_ldap - DEBUG - Binding as cn=django,ou=ciaer,dc=ciaer,dc=interna
2024-05-29 14:12:52,979 - django_auth_ldap - DEBUG - Invoking search_s('ou=CIAER,dc=ciaer,dc=interna', 2, '(sAMAccountName=ribeiro_ajr)')
2024-05-29 14:12:52,983 - django_auth_ldap - DEBUG - search_s('ou=CIAER,dc=ciaer,dc=interna', 2, '(sAMAccountName=%(user)s)') returned 1 objects: cn=2s sin ribeiro,ou=usuarios,ou=dci,ou=bsb,ou=ciaer,dc=ciaer,dc=interna
2024-05-29 14:12:52,985 - django_auth_ldap - DEBUG - Binding as cn=2s sin ribeiro,ou=usuarios,ou=dci,ou=bsb,ou=ciaer,dc=ciaer,dc=interna
2024-05-29 14:12:53,001 - django_auth_ldap - DEBUG - Populating Django user ribeiro_ajr
2024-05-29 16:42:31,404 - django_auth_ldap - DEBUG - Binding as cn=django,ou=ciaer,dc=ciaer,dc=interna
2024-05-29 16:42:31,429 - django_auth_ldap - DEBUG - Invoking search_s('ou=CIAER,dc=ciaer,dc=interna', 2, '(sAMAccountName=ribeiro_ajr)')
2024-05-29 16:42:31,432 - django_auth_ldap - DEBUG - search_s('ou=CIAER,dc=ciaer,dc=interna', 2, '(sAMAccountName=%(user)s)') returned 1 objects: cn=2s sin ribeiro,ou=usuarios,ou=dci,ou=bsb,ou=ciaer,dc=ciaer,dc=interna
2024-05-29 16:42:31,435 - django_auth_ldap - DEBUG - Binding as cn=2s sin ribeiro,ou=usuarios,ou=dci,ou=bsb,ou=ciaer,dc=ciaer,dc=interna
2024-05-29 16:42:31,442 - django_auth_ldap - DEBUG - Populating Django user ribeiro_ajr
2024-05-29 17:18:10,825 - django_auth_ldap - DEBUG - Binding as cn=django,ou=ciaer,dc=ciaer,dc=interna
2024-05-29 17:18:10,838 - django_auth_ldap - DEBUG - Invoking search_s('ou=CIAER,dc=ciaer,dc=interna', 2, '(sAMAccountName=almeida_faas)')
2024-05-29 17:18:10,842 - django_auth_ldap - DEBUG - search_s('ou=CIAER,dc=ciaer,dc=interna', 2, '(sAMAccountName=%(user)s)') returned 1 objects: cn=cap eng almeida,ou=usuarios,ou=dci,ou=bsb,ou=ciaer,dc=ciaer,dc=interna
2024-05-29 17:18:10,844 - django_auth_ldap - DEBUG - Binding as cn=cap eng almeida,ou=usuarios,ou=dci,ou=bsb,ou=ciaer,dc=ciaer,dc=interna
2024-05-29 17:18:10,851 - django_auth_ldap - DEBUG - Populating Django user almeida_faas
2024-05-29 17:18:43,050 - django_auth_ldap - DEBUG - Binding as cn=django,ou=ciaer,dc=ciaer,dc=interna
2024-05-29 17:18:43,062 - django_auth_ldap - DEBUG - Invoking search_s('ou=CIAER,dc=ciaer,dc=interna', 2, '(sAMAccountName=ribeiro_ajr)')
2024-05-29 17:18:43,069 - django_auth_ldap - DEBUG - search_s('ou=CIAER,dc=ciaer,dc=interna', 2, '(sAMAccountName=%(user)s)') returned 1 objects: cn=2s sin ribeiro,ou=usuarios,ou=dci,ou=bsb,ou=ciaer,dc=ciaer,dc=interna
2024-05-29 17:18:43,070 - django_auth_ldap - DEBUG - Binding as cn=2s sin ribeiro,ou=usuarios,ou=dci,ou=bsb,ou=ciaer,dc=ciaer,dc=interna
2024-05-29 17:18:43,079 - django_auth_ldap - DEBUG - Populating Django user ribeiro_ajr
2024-05-29 17:29:07,793 - django_auth_ldap - DEBUG - Binding as cn=django,ou=ciaer,dc=ciaer,dc=interna
2024-05-29 17:29:07,835 - django_auth_ldap - DEBUG - Invoking search_s('ou=CIAER,dc=ciaer,dc=interna', 2, '(sAMAccountName=ribeiro_ajr)')
2024-05-29 17:29:07,845 - django_auth_ldap - DEBUG - search_s('ou=CIAER,dc=ciaer,dc=interna', 2, '(sAMAccountName=%(user)s)') returned 1 objects: cn=2s sin ribeiro,ou=usuarios,ou=dci,ou=bsb,ou=ciaer,dc=ciaer,dc=interna
2024-05-29 17:29:07,847 - django_auth_ldap - DEBUG - Binding as cn=2s sin ribeiro,ou=usuarios,ou=dci,ou=bsb,ou=ciaer,dc=ciaer,dc=interna
2024-05-29 17:29:07,856 - django_auth_ldap - DEBUG - Populating Django user ribeiro_ajr
2024-05-29 17:30:04,409 - django_auth_ldap - DEBUG - Binding as cn=django,ou=ciaer,dc=ciaer,dc=interna
2024-05-29 17:30:04,427 - django_auth_ldap - DEBUG - Invoking search_s('ou=CIAER,dc=ciaer,dc=interna', 2, '(sAMAccountName=ribeiro_ajr)')
2024-05-29 17:30:04,432 - django_auth_ldap - DEBUG - search_s('ou=CIAER,dc=ciaer,dc=interna', 2, '(sAMAccountName=%(user)s)') returned 1 objects: cn=2s sin ribeiro,ou=usuarios,ou=dci,ou=bsb,ou=ciaer,dc=ciaer,dc=interna
2024-05-29 17:30:04,435 - django_auth_ldap - DEBUG - Binding as cn=2s sin ribeiro,ou=usuarios,ou=dci,ou=bsb,ou=ciaer,dc=ciaer,dc=interna
2024-05-29 17:30:04,444 - django_auth_ldap - DEBUG - Populating Django user ribeiro_ajr
2024-05-29 18:35:47,598 - django_auth_ldap - DEBUG - Binding as cn=django,ou=ciaer,dc=ciaer,dc=interna
2024-05-29 18:35:47,609 - django_auth_ldap - DEBUG - Invoking search_s('ou=CIAER,dc=ciaer,dc=interna', 2, '(sAMAccountName=ribeiro_ajr)')
2024-05-29 18:35:47,613 - django_auth_ldap - DEBUG - search_s('ou=CIAER,dc=ciaer,dc=interna', 2, '(sAMAccountName=%(user)s)') returned 1 objects: cn=2s sin ribeiro,ou=usuarios,ou=dci,ou=bsb,ou=ciaer,dc=ciaer,dc=interna
2024-05-29 18:35:47,615 - django_auth_ldap - DEBUG - Binding as cn=2s sin ribeiro,ou=usuarios,ou=dci,ou=bsb,ou=ciaer,dc=ciaer,dc=interna
2024-05-29 18:35:47,622 - django_auth_ldap - DEBUG - Populating Django user ribeiro_ajr
2024-05-29 18:51:37,434 - django_auth_ldap - DEBUG - Binding as cn=django,ou=ciaer,dc=ciaer,dc=interna
2024-05-29 18:52:13,382 - django_auth_ldap - WARNING - Caught LDAPError while authenticating ribeiro_ajr: SERVER_DOWN({'result': -1, 'desc': "Can't contact LDAP server", 'errno': 107, 'ctrls': [], 'info': 'Transport endpoint is not connected'})
2024-05-29 19:38:24,570 - django_auth_ldap - DEBUG - Binding as cn=django,ou=ciaer,dc=ciaer,dc=interna
2024-05-29 19:38:24,588 - django_auth_ldap - DEBUG - Invoking search_s('ou=CIAER,dc=ciaer,dc=interna', 2, '(sAMAccountName=ribeiro_ajr)')
2024-05-29 19:38:24,604 - django_auth_ldap - DEBUG - search_s('ou=CIAER,dc=ciaer,dc=interna', 2, '(sAMAccountName=%(user)s)') returned 1 objects: cn=2s sin ribeiro,ou=usuarios,ou=dci,ou=bsb,ou=ciaer,dc=ciaer,dc=interna
2024-05-29 19:38:24,606 - django_auth_ldap - DEBUG - Binding as cn=2s sin ribeiro,ou=usuarios,ou=dci,ou=bsb,ou=ciaer,dc=ciaer,dc=interna
2024-05-29 19:38:24,614 - django_auth_ldap - DEBUG - Populating Django user ribeiro_ajr
2024-06-01 03:54:04,644 - django_auth_ldap - DEBUG - Binding as cn=django,ou=ciaer,dc=ciaer,dc=interna
2024-06-01 03:54:04,650 - django_auth_ldap - DEBUG - Invoking search_s('ou=CIAER,dc=ciaer,dc=interna', 2, '(sAMAccountName=ribeiro_ajr)')
2024-06-01 03:54:04,651 - django_auth_ldap - DEBUG - search_s('ou=CIAER,dc=ciaer,dc=interna', 2, '(sAMAccountName=%(user)s)') returned 1 objects: cn=2s sin ribeiro,ou=usuarios,ou=dci,ou=bsb,ou=ciaer,dc=ciaer,dc=interna
2024-06-01 03:54:04,651 - django_auth_ldap - DEBUG - Binding as cn=2s sin ribeiro,ou=usuarios,ou=dci,ou=bsb,ou=ciaer,dc=ciaer,dc=interna
2024-06-01 03:54:04,652 - django_auth_ldap - DEBUG - Authentication failed for ribeiro_ajr: user DN/password rejected by LDAP server.
2024-06-01 03:54:09,601 - django_auth_ldap - DEBUG - Binding as cn=django,ou=ciaer,dc=ciaer,dc=interna
2024-06-01 03:54:09,603 - django_auth_ldap - DEBUG - Invoking search_s('ou=CIAER,dc=ciaer,dc=interna', 2, '(sAMAccountName=ribeiro_ajr)')
2024-06-01 03:54:09,605 - django_auth_ldap - DEBUG - search_s('ou=CIAER,dc=ciaer,dc=interna', 2, '(sAMAccountName=%(user)s)') returned 1 objects: cn=2s sin ribeiro,ou=usuarios,ou=dci,ou=bsb,ou=ciaer,dc=ciaer,dc=interna
2024-06-01 03:54:09,605 - django_auth_ldap - DEBUG - Binding as cn=2s sin ribeiro,ou=usuarios,ou=dci,ou=bsb,ou=ciaer,dc=ciaer,dc=interna
2024-06-01 03:54:09,607 - django_auth_ldap - DEBUG - Populating Django user ribeiro_ajr
2024-06-01 04:23:46,532 - django_auth_ldap - DEBUG - Binding as cn=django,ou=ciaer,dc=ciaer,dc=interna
2024-06-01 04:23:46,534 - django_auth_ldap - DEBUG - Invoking search_s('ou=CIAER,dc=ciaer,dc=interna', 2, '(sAMAccountName=admin)')
2024-06-01 04:23:46,535 - django_auth_ldap - DEBUG - search_s('ou=CIAER,dc=ciaer,dc=interna', 2, '(sAMAccountName=%(user)s)') returned 0 objects: 
2024-06-01 04:23:46,535 - django_auth_ldap - DEBUG - Authentication failed for admin: failed to map the username to a DN.
2024-06-01 04:23:54,846 - django_auth_ldap - DEBUG - Binding as cn=django,ou=ciaer,dc=ciaer,dc=interna
2024-06-01 04:23:54,848 - django_auth_ldap - DEBUG - Invoking search_s('ou=CIAER,dc=ciaer,dc=interna', 2, '(sAMAccountName=admin)')
2024-06-01 04:23:54,849 - django_auth_ldap - DEBUG - search_s('ou=CIAER,dc=ciaer,dc=interna', 2, '(sAMAccountName=%(user)s)') returned 0 objects: 
2024-06-01 04:23:54,849 - django_auth_ldap - DEBUG - Authentication failed for admin: failed to map the username to a DN.
2024-06-01 10:41:33,600 - django_auth_ldap - DEBUG - Binding as cn=django,ou=ciaer,dc=ciaer,dc=interna
2024-06-01 10:41:33,613 - django_auth_ldap - DEBUG - Invoking search_s('ou=CIAER,dc=ciaer,dc=interna', 2, '(sAMAccountName=ribeiro_ajr)')
2024-06-01 10:41:33,614 - django_auth_ldap - DEBUG - search_s('ou=CIAER,dc=ciaer,dc=interna', 2, '(sAMAccountName=%(user)s)') returned 1 objects: cn=2s sin ribeiro,ou=usuarios,ou=dci,ou=bsb,ou=ciaer,dc=ciaer,dc=interna
2024-06-01 10:41:33,614 - django_auth_ldap - DEBUG - Binding as cn=2s sin ribeiro,ou=usuarios,ou=dci,ou=bsb,ou=ciaer,dc=ciaer,dc=interna
2024-06-01 10:41:33,616 - django_auth_ldap - DEBUG - Populating Django user ribeiro_ajr
2024-06-04 13:48:00,166 - django_auth_ldap - DEBUG - Binding as cn=django,ou=ciaer,dc=ciaer,dc=interna
2024-06-04 13:48:00,186 - django_auth_ldap - DEBUG - Invoking search_s('ou=CIAER,dc=ciaer,dc=interna', 2, '(sAMAccountName=almeida_faas)')
2024-06-04 13:48:00,187 - django_auth_ldap - DEBUG - search_s('ou=CIAER,dc=ciaer,dc=interna', 2, '(sAMAccountName=%(user)s)') returned 1 objects: cn=cap eng almeida,ou=usuarios,ou=dci,ou=bsb,ou=ciaer,dc=ciaer,dc=interna
2024-06-04 13:48:00,187 - django_auth_ldap - DEBUG - Binding as cn=cap eng almeida,ou=usuarios,ou=dci,ou=bsb,ou=ciaer,dc=ciaer,dc=interna
2024-06-04 13:48:00,194 - django_auth_ldap - DEBUG - Populating Django user almeida_faas
2024-06-05 13:32:04,661 - django_auth_ldap - DEBUG - Binding as cn=django,ou=ciaer,dc=ciaer,dc=interna
2024-06-05 13:32:04,718 - django_auth_ldap - DEBUG - Invoking search_s('ou=CIAER,dc=ciaer,dc=interna', 2, '(sAMAccountName=ribeiro_ajr)')
2024-06-05 13:32:04,719 - django_auth_ldap - DEBUG - search_s('ou=CIAER,dc=ciaer,dc=interna', 2, '(sAMAccountName=%(user)s)') returned 1 objects: cn=2s sin ribeiro,ou=usuarios,ou=dci,ou=bsb,ou=ciaer,dc=ciaer,dc=interna
2024-06-05 13:32:04,719 - django_auth_ldap - DEBUG - Binding as cn=2s sin ribeiro,ou=usuarios,ou=dci,ou=bsb,ou=ciaer,dc=ciaer,dc=interna
2024-06-05 13:32:04,721 - django_auth_ldap - DEBUG - Populating Django user ribeiro_ajr
2024-06-06 17:58:36,215 - django_auth_ldap - DEBUG - Binding as cn=django,ou=ciaer,dc=ciaer,dc=interna
2024-06-06 17:58:36,242 - django_auth_ldap - DEBUG - Invoking search_s('ou=CIAER,dc=ciaer,dc=interna', 2, '(sAMAccountName=ribeiro_ajr)')
2024-06-06 17:58:36,243 - django_auth_ldap - DEBUG - search_s('ou=CIAER,dc=ciaer,dc=interna', 2, '(sAMAccountName=%(user)s)') returned 1 objects: cn=2s sin ribeiro,ou=usuarios,ou=dci,ou=bsb,ou=ciaer,dc=ciaer,dc=interna
2024-06-06 17:58:36,243 - django_auth_ldap - DEBUG - Binding as cn=2s sin ribeiro,ou=usuarios,ou=dci,ou=bsb,ou=ciaer,dc=ciaer,dc=interna
2024-06-06 17:58:36,245 - django_auth_ldap - DEBUG - Populating Django user ribeiro_ajr
2024-06-06 18:47:45,785 - django_auth_ldap - DEBUG - Binding as cn=django,ou=ciaer,dc=ciaer,dc=interna
2024-06-06 18:47:45,789 - django_auth_ldap - DEBUG - Invoking search_s('ou=CIAER,dc=ciaer,dc=interna', 2, '(sAMAccountName=ribeiro_ajr)')
2024-06-06 18:47:45,793 - django_auth_ldap - DEBUG - search_s('ou=CIAER,dc=ciaer,dc=interna', 2, '(sAMAccountName=%(user)s)') returned 1 objects: cn=2s sin ribeiro,ou=usuarios,ou=dci,ou=bsb,ou=ciaer,dc=ciaer,dc=interna
2024-06-06 18:47:45,794 - django_auth_ldap - DEBUG - Binding as cn=2s sin ribeiro,ou=usuarios,ou=dci,ou=bsb,ou=ciaer,dc=ciaer,dc=interna
2024-06-06 18:47:45,801 - django_auth_ldap - DEBUG - Populating Django user ribeiro_ajr
2024-06-07 12:03:13,868 - django_auth_ldap - DEBUG - Binding as cn=django,ou=ciaer,dc=ciaer,dc=interna
2024-06-07 12:03:13,892 - django_auth_ldap - DEBUG - Invoking search_s('ou=CIAER,dc=ciaer,dc=interna', 2, '(sAMAccountName=ribeiro_ajr)')
2024-06-07 12:03:13,897 - django_auth_ldap - DEBUG - search_s('ou=CIAER,dc=ciaer,dc=interna', 2, '(sAMAccountName=%(user)s)') returned 1 objects: cn=2s sin ribeiro,ou=usuarios,ou=dci,ou=bsb,ou=ciaer,dc=ciaer,dc=interna
2024-06-07 12:03:13,898 - django_auth_ldap - DEBUG - Binding as cn=2s sin ribeiro,ou=usuarios,ou=dci,ou=bsb,ou=ciaer,dc=ciaer,dc=interna
2024-06-07 12:03:13,905 - django_auth_ldap - DEBUG - Populating Django user ribeiro_ajr
2024-06-10 13:16:17,834 - django_auth_ldap - DEBUG - Binding as cn=django,ou=ciaer,dc=ciaer,dc=interna
2024-06-10 13:16:17,859 - django_auth_ldap - DEBUG - Invoking search_s('ou=CIAER,dc=ciaer,dc=interna', 2, '(sAMAccountName=ribeiro_ajr)')
2024-06-10 13:16:17,875 - django_auth_ldap - DEBUG - search_s('ou=CIAER,dc=ciaer,dc=interna', 2, '(sAMAccountName=%(user)s)') returned 1 objects: cn=2s sin ribeiro,ou=usuarios,ou=dci,ou=bsb,ou=ciaer,dc=ciaer,dc=interna
2024-06-10 13:16:17,877 - django_auth_ldap - DEBUG - Binding as cn=2s sin ribeiro,ou=usuarios,ou=dci,ou=bsb,ou=ciaer,dc=ciaer,dc=interna
2024-06-10 13:16:17,905 - django_auth_ldap - DEBUG - Populating Django user ribeiro_ajr
2024-06-10 17:16:07,003 - django_auth_ldap - DEBUG - Binding as cn=django,ou=ciaer,dc=ciaer,dc=interna
2024-06-10 17:16:07,038 - django_auth_ldap - DEBUG - Invoking search_s('ou=CIAER,dc=ciaer,dc=interna', 2, '(sAMAccountName=admin)')
2024-06-10 17:16:07,039 - django_auth_ldap - DEBUG - search_s('ou=CIAER,dc=ciaer,dc=interna', 2, '(sAMAccountName=%(user)s)') returned 0 objects: 
2024-06-10 17:16:07,039 - django_auth_ldap - DEBUG - Authentication failed for admin: failed to map the username to a DN.
2024-06-10 17:16:49,622 - django_auth_ldap - DEBUG - Binding as cn=django,ou=ciaer,dc=ciaer,dc=interna
2024-06-10 17:16:49,624 - django_auth_ldap - DEBUG - Invoking search_s('ou=CIAER,dc=ciaer,dc=interna', 2, '(sAMAccountName=ribeiro_ajr)')
2024-06-10 17:16:49,625 - django_auth_ldap - DEBUG - search_s('ou=CIAER,dc=ciaer,dc=interna', 2, '(sAMAccountName=%(user)s)') returned 1 objects: cn=2s sin ribeiro,ou=usuarios,ou=dci,ou=bsb,ou=ciaer,dc=ciaer,dc=interna
2024-06-10 17:16:49,625 - django_auth_ldap - DEBUG - Binding as cn=2s sin ribeiro,ou=usuarios,ou=dci,ou=bsb,ou=ciaer,dc=ciaer,dc=interna
2024-06-10 17:16:49,627 - django_auth_ldap - DEBUG - Populating Django user ribeiro_ajr
2024-06-10 19:24:11,913 - django_auth_ldap - DEBUG - Binding as cn=django,ou=ciaer,dc=ciaer,dc=interna
2024-06-10 19:24:11,935 - django_auth_ldap - DEBUG - Invoking search_s('ou=CIAER,dc=ciaer,dc=interna', 2, '(sAMAccountName=ribeiro_ajr)')
2024-06-10 19:24:11,936 - django_auth_ldap - DEBUG - search_s('ou=CIAER,dc=ciaer,dc=interna', 2, '(sAMAccountName=%(user)s)') returned 1 objects: cn=2s sin ribeiro,ou=usuarios,ou=dci,ou=bsb,ou=ciaer,dc=ciaer,dc=interna
2024-06-10 19:24:11,936 - django_auth_ldap - DEBUG - Binding as cn=2s sin ribeiro,ou=usuarios,ou=dci,ou=bsb,ou=ciaer,dc=ciaer,dc=interna
2024-06-10 19:24:11,938 - django_auth_ldap - DEBUG - Populating Django user ribeiro_ajr
2024-06-11 16:39:21,188 - django_auth_ldap - DEBUG - Binding as cn=django,ou=ciaer,dc=ciaer,dc=interna
2024-06-11 16:39:21,239 - django_auth_ldap - DEBUG - Invoking search_s('ou=CIAER,dc=ciaer,dc=interna', 2, '(sAMAccountName=ribeiro_ajr)')
2024-06-11 16:39:21,240 - django_auth_ldap - DEBUG - search_s('ou=CIAER,dc=ciaer,dc=interna', 2, '(sAMAccountName=%(user)s)') returned 1 objects: cn=2s sin ribeiro,ou=usuarios,ou=dci,ou=bsb,ou=ciaer,dc=ciaer,dc=interna
2024-06-11 16:39:21,240 - django_auth_ldap - DEBUG - Binding as cn=2s sin ribeiro,ou=usuarios,ou=dci,ou=bsb,ou=ciaer,dc=ciaer,dc=interna
2024-06-11 16:39:21,242 - django_auth_ldap - DEBUG - Populating Django user ribeiro_ajr
2024-06-11 17:01:50,150 - django_auth_ldap - DEBUG - Binding as cn=django,ou=ciaer,dc=ciaer,dc=interna
2024-06-11 17:01:50,166 - django_auth_ldap - DEBUG - Invoking search_s('ou=CIAER,dc=ciaer,dc=interna', 2, '(sAMAccountName=ribeiro_ajr)')
2024-06-11 17:01:50,167 - django_auth_ldap - DEBUG - search_s('ou=CIAER,dc=ciaer,dc=interna', 2, '(sAMAccountName=%(user)s)') returned 1 objects: cn=2s sin ribeiro,ou=usuarios,ou=dci,ou=bsb,ou=ciaer,dc=ciaer,dc=interna
2024-06-11 17:01:50,168 - django_auth_ldap - DEBUG - Binding as cn=2s sin ribeiro,ou=usuarios,ou=dci,ou=bsb,ou=ciaer,dc=ciaer,dc=interna
2024-06-11 17:01:50,170 - django_auth_ldap - DEBUG - Populating Django user ribeiro_ajr
2024-06-12 17:05:02,340 - django_auth_ldap - DEBUG - Binding as cn=django,ou=ciaer,dc=ciaer,dc=interna
2024-06-12 17:05:02,371 - django_auth_ldap - DEBUG - Invoking search_s('ou=CIAER,dc=ciaer,dc=interna', 2, '(sAMAccountName=ribeiro_ajr)')
2024-06-12 17:05:02,372 - django_auth_ldap - DEBUG - search_s('ou=CIAER,dc=ciaer,dc=interna', 2, '(sAMAccountName=%(user)s)') returned 1 objects: cn=2s sin ribeiro,ou=usuarios,ou=dci,ou=bsb,ou=ciaer,dc=ciaer,dc=interna
2024-06-12 17:05:02,372 - django_auth_ldap - DEBUG - Binding as cn=2s sin ribeiro,ou=usuarios,ou=dci,ou=bsb,ou=ciaer,dc=ciaer,dc=interna
2024-06-12 17:05:02,374 - django_auth_ldap - DEBUG - Populating Django user ribeiro_ajr
2024-06-12 17:10:28,189 - django_auth_ldap - DEBUG - Binding as cn=django,ou=ciaer,dc=ciaer,dc=interna
2024-06-12 17:10:28,192 - django_auth_ldap - DEBUG - Invoking search_s('ou=CIAER,dc=ciaer,dc=interna', 2, '(sAMAccountName=joaopaulo_jpf)')
2024-06-12 17:10:28,193 - django_auth_ldap - DEBUG - search_s('ou=CIAER,dc=ciaer,dc=interna', 2, '(sAMAccountName=%(user)s)') returned 1 objects: cn=2s sgs joão paulo,ou=usuarios,ou=dci,ou=bsb,ou=ciaer,dc=ciaer,dc=interna
2024-06-12 17:10:28,193 - django_auth_ldap - DEBUG - Binding as cn=2s sgs joão paulo,ou=usuarios,ou=dci,ou=bsb,ou=ciaer,dc=ciaer,dc=interna
2024-06-12 17:10:28,195 - django_auth_ldap - DEBUG - Populating Django user joaopaulo_jpf
2024-06-12 17:11:08,000 - django_auth_ldap - DEBUG - Binding as cn=django,ou=ciaer,dc=ciaer,dc=interna
2024-06-12 17:11:08,003 - django_auth_ldap - DEBUG - Invoking search_s('ou=CIAER,dc=ciaer,dc=interna', 2, '(sAMAccountName=ribeiro_ajr)')
2024-06-12 17:11:08,004 - django_auth_ldap - DEBUG - search_s('ou=CIAER,dc=ciaer,dc=interna', 2, '(sAMAccountName=%(user)s)') returned 1 objects: cn=2s sin ribeiro,ou=usuarios,ou=dci,ou=bsb,ou=ciaer,dc=ciaer,dc=interna
2024-06-12 17:11:08,004 - django_auth_ldap - DEBUG - Binding as cn=2s sin ribeiro,ou=usuarios,ou=dci,ou=bsb,ou=ciaer,dc=ciaer,dc=interna
2024-06-12 17:11:08,006 - django_auth_ldap - DEBUG - Populating Django user ribeiro_ajr
2024-06-12 17:31:04,306 - django_auth_ldap - DEBUG - Binding as cn=django,ou=ciaer,dc=ciaer,dc=interna
2024-06-12 17:31:04,321 - django_auth_ldap - DEBUG - Invoking search_s('ou=CIAER,dc=ciaer,dc=interna', 2, '(sAMAccountName=ribeiro_ajr)')
2024-06-12 17:31:04,322 - django_auth_ldap - DEBUG - search_s('ou=CIAER,dc=ciaer,dc=interna', 2, '(sAMAccountName=%(user)s)') returned 1 objects: cn=2s sin ribeiro,ou=usuarios,ou=dci,ou=bsb,ou=ciaer,dc=ciaer,dc=interna
2024-06-12 17:31:04,322 - django_auth_ldap - DEBUG - Binding as cn=2s sin ribeiro,ou=usuarios,ou=dci,ou=bsb,ou=ciaer,dc=ciaer,dc=interna
2024-06-12 17:31:04,324 - django_auth_ldap - DEBUG - Populating Django user ribeiro_ajr
2024-06-12 17:41:36,211 - django_auth_ldap - DEBUG - Binding as cn=django,ou=ciaer,dc=ciaer,dc=interna
2024-06-12 17:41:36,221 - django_auth_ldap - DEBUG - Invoking search_s('ou=CIAER,dc=ciaer,dc=interna', 2, '(sAMAccountName=ribeiro_ajr)')
2024-06-12 17:41:36,226 - django_auth_ldap - DEBUG - search_s('ou=CIAER,dc=ciaer,dc=interna', 2, '(sAMAccountName=%(user)s)') returned 1 objects: cn=2s sin ribeiro,ou=usuarios,ou=dci,ou=bsb,ou=ciaer,dc=ciaer,dc=interna
2024-06-12 17:41:36,235 - django_auth_ldap - DEBUG - Binding as cn=2s sin ribeiro,ou=usuarios,ou=dci,ou=bsb,ou=ciaer,dc=ciaer,dc=interna
2024-06-12 17:41:36,260 - django_auth_ldap - DEBUG - Populating Django user ribeiro_ajr
2024-06-12 18:02:11,393 - django_auth_ldap - DEBUG - Binding as cn=django,ou=ciaer,dc=ciaer,dc=interna
2024-06-12 18:02:11,410 - django_auth_ldap - DEBUG - Invoking search_s('ou=CIAER,dc=ciaer,dc=interna', 2, '(sAMAccountName=admin)')
2024-06-12 18:02:11,412 - django_auth_ldap - DEBUG - search_s('ou=CIAER,dc=ciaer,dc=interna', 2, '(sAMAccountName=%(user)s)') returned 0 objects: 
2024-06-12 18:02:11,424 - django_auth_ldap - DEBUG - Authentication failed for admin: failed to map the username to a DN.
2024-06-12 18:25:54,285 - django_auth_ldap - DEBUG - Binding as cn=django,ou=ciaer,dc=ciaer,dc=interna
2024-06-12 18:25:54,312 - django_auth_ldap - DEBUG - Invoking search_s('ou=CIAER,dc=ciaer,dc=interna', 2, '(sAMAccountName=admin)')
2024-06-12 18:25:54,315 - django_auth_ldap - DEBUG - search_s('ou=CIAER,dc=ciaer,dc=interna', 2, '(sAMAccountName=%(user)s)') returned 0 objects: 
2024-06-12 18:25:54,317 - django_auth_ldap - DEBUG - Authentication failed for admin: failed to map the username to a DN.
2024-06-12 18:40:45,055 - django_auth_ldap - DEBUG - Binding as cn=django,ou=ciaer,dc=ciaer,dc=interna
2024-06-12 18:40:45,059 - django_auth_ldap - DEBUG - Invoking search_s('ou=CIAER,dc=ciaer,dc=interna', 2, '(sAMAccountName=admin)')
2024-06-12 18:40:45,062 - django_auth_ldap - DEBUG - search_s('ou=CIAER,dc=ciaer,dc=interna', 2, '(sAMAccountName=%(user)s)') returned 0 objects: 
2024-06-12 18:40:45,064 - django_auth_ldap - DEBUG - Authentication failed for admin: failed to map the username to a DN.
2024-06-13 13:48:26,359 - django_auth_ldap - DEBUG - Binding as cn=django,ou=ciaer,dc=ciaer,dc=interna
2024-06-13 13:48:26,377 - django_auth_ldap - DEBUG - Invoking search_s('ou=CIAER,dc=ciaer,dc=interna', 2, '(sAMAccountName=admin)')
2024-06-13 13:48:26,381 - django_auth_ldap - DEBUG - search_s('ou=CIAER,dc=ciaer,dc=interna', 2, '(sAMAccountName=%(user)s)') returned 0 objects: 
2024-06-13 13:48:26,382 - django_auth_ldap - DEBUG - Authentication failed for admin: failed to map the username to a DN.
2024-06-13 13:54:33,792 - django_auth_ldap - DEBUG - Binding as cn=django,ou=ciaer,dc=ciaer,dc=interna
2024-06-13 13:54:33,795 - django_auth_ldap - DEBUG - Invoking search_s('ou=CIAER,dc=ciaer,dc=interna', 2, '(sAMAccountName=ribeiro_ajr)')
2024-06-13 13:54:33,796 - django_auth_ldap - DEBUG - search_s('ou=CIAER,dc=ciaer,dc=interna', 2, '(sAMAccountName=%(user)s)') returned 1 objects: cn=2s sin ribeiro,ou=usuarios,ou=dci,ou=bsb,ou=ciaer,dc=ciaer,dc=interna
2024-06-13 13:54:33,796 - django_auth_ldap - DEBUG - Binding as cn=2s sin ribeiro,ou=usuarios,ou=dci,ou=bsb,ou=ciaer,dc=ciaer,dc=interna
2024-06-13 13:54:33,798 - django_auth_ldap - DEBUG - Populating Django user ribeiro_ajr
2024-06-13 14:13:40,422 - django_auth_ldap - DEBUG - Binding as cn=django,ou=ciaer,dc=ciaer,dc=interna
2024-06-13 14:13:40,424 - django_auth_ldap - DEBUG - Invoking search_s('ou=CIAER,dc=ciaer,dc=interna', 2, '(sAMAccountName=admin)')
2024-06-13 14:13:40,425 - django_auth_ldap - DEBUG - search_s('ou=CIAER,dc=ciaer,dc=interna', 2, '(sAMAccountName=%(user)s)') returned 0 objects: 
2024-06-13 14:13:40,425 - django_auth_ldap - DEBUG - Authentication failed for admin: failed to map the username to a DN.
2024-06-13 14:17:10,044 - django_auth_ldap - DEBUG - Binding as cn=django,ou=ciaer,dc=ciaer,dc=interna
2024-06-13 14:17:10,047 - django_auth_ldap - DEBUG - Invoking search_s('ou=CIAER,dc=ciaer,dc=interna', 2, '(sAMAccountName=ribeiro_ajr)')
2024-06-13 14:17:10,048 - django_auth_ldap - DEBUG - search_s('ou=CIAER,dc=ciaer,dc=interna', 2, '(sAMAccountName=%(user)s)') returned 1 objects: cn=2s sin ribeiro,ou=usuarios,ou=dci,ou=bsb,ou=ciaer,dc=ciaer,dc=interna
2024-06-13 14:17:10,048 - django_auth_ldap - DEBUG - Binding as cn=2s sin ribeiro,ou=usuarios,ou=dci,ou=bsb,ou=ciaer,dc=ciaer,dc=interna
2024-06-13 14:17:10,050 - django_auth_ldap - DEBUG - Populating Django user ribeiro_ajr
2024-06-13 14:19:49,646 - django_auth_ldap - DEBUG - Rejecting empty password for almeida_faas
2024-06-13 14:19:54,166 - django_auth_ldap - DEBUG - Rejecting empty password for almeida_faas
2024-06-13 14:20:00,773 - django_auth_ldap - DEBUG - Rejecting empty password for serrao_yvws
2024-06-13 14:31:44,544 - django_auth_ldap - DEBUG - Binding as cn=django,ou=ciaer,dc=ciaer,dc=interna
2024-06-13 14:31:44,546 - django_auth_ldap - DEBUG - Invoking search_s('ou=CIAER,dc=ciaer,dc=interna', 2, '(sAMAccountName=ribeiro_ajr)')
2024-06-13 14:31:44,547 - django_auth_ldap - DEBUG - search_s('ou=CIAER,dc=ciaer,dc=interna', 2, '(sAMAccountName=%(user)s)') returned 1 objects: cn=2s sin ribeiro,ou=usuarios,ou=dci,ou=bsb,ou=ciaer,dc=ciaer,dc=interna
2024-06-13 14:31:44,548 - django_auth_ldap - DEBUG - Binding as cn=2s sin ribeiro,ou=usuarios,ou=dci,ou=bsb,ou=ciaer,dc=ciaer,dc=interna
2024-06-13 14:31:44,550 - django_auth_ldap - DEBUG - Populating Django user ribeiro_ajr
2024-06-13 15:40:04,972 - django_auth_ldap - DEBUG - Binding as cn=django,ou=ciaer,dc=ciaer,dc=interna
2024-06-13 15:40:04,992 - django_auth_ldap - DEBUG - Invoking search_s('ou=CIAER,dc=ciaer,dc=interna', 2, '(sAMAccountName=ribeiro_ajr)')
2024-06-13 15:40:04,993 - django_auth_ldap - DEBUG - search_s('ou=CIAER,dc=ciaer,dc=interna', 2, '(sAMAccountName=%(user)s)') returned 1 objects: cn=2s sin ribeiro,ou=usuarios,ou=dci,ou=bsb,ou=ciaer,dc=ciaer,dc=interna
2024-06-13 15:40:04,993 - django_auth_ldap - DEBUG - Binding as cn=2s sin ribeiro,ou=usuarios,ou=dci,ou=bsb,ou=ciaer,dc=ciaer,dc=interna
2024-06-13 15:40:04,995 - django_auth_ldap - DEBUG - Populating Django user ribeiro_ajr
2024-06-13 15:40:16,929 - django_auth_ldap - DEBUG - Binding as cn=django,ou=ciaer,dc=ciaer,dc=interna
2024-06-13 15:40:16,931 - django_auth_ldap - DEBUG - Invoking search_s('ou=CIAER,dc=ciaer,dc=interna', 2, '(sAMAccountName=ribeiro_ajr)')
2024-06-13 15:40:16,932 - django_auth_ldap - DEBUG - search_s('ou=CIAER,dc=ciaer,dc=interna', 2, '(sAMAccountName=%(user)s)') returned 1 objects: cn=2s sin ribeiro,ou=usuarios,ou=dci,ou=bsb,ou=ciaer,dc=ciaer,dc=interna
2024-06-13 15:40:16,932 - django_auth_ldap - DEBUG - Binding as cn=2s sin ribeiro,ou=usuarios,ou=dci,ou=bsb,ou=ciaer,dc=ciaer,dc=interna
2024-06-13 15:40:16,933 - django_auth_ldap - DEBUG - Populating Django user ribeiro_ajr
2024-06-13 15:40:19,068 - django_auth_ldap - DEBUG - Binding as cn=django,ou=ciaer,dc=ciaer,dc=interna
2024-06-13 15:40:19,069 - django_auth_ldap - DEBUG - Invoking search_s('ou=CIAER,dc=ciaer,dc=interna', 2, '(sAMAccountName=ribeiro_ajr)')
2024-06-13 15:40:19,070 - django_auth_ldap - DEBUG - search_s('ou=CIAER,dc=ciaer,dc=interna', 2, '(sAMAccountName=%(user)s)') returned 1 objects: cn=2s sin ribeiro,ou=usuarios,ou=dci,ou=bsb,ou=ciaer,dc=ciaer,dc=interna
2024-06-13 15:40:19,070 - django_auth_ldap - DEBUG - Binding as cn=2s sin ribeiro,ou=usuarios,ou=dci,ou=bsb,ou=ciaer,dc=ciaer,dc=interna
2024-06-13 15:40:19,072 - django_auth_ldap - DEBUG - Populating Django user ribeiro_ajr
2024-06-13 15:40:28,113 - django_auth_ldap - DEBUG - Binding as cn=django,ou=ciaer,dc=ciaer,dc=interna
2024-06-13 15:40:28,115 - django_auth_ldap - DEBUG - Invoking search_s('ou=CIAER,dc=ciaer,dc=interna', 2, '(sAMAccountName=admin)')
2024-06-13 15:40:28,116 - django_auth_ldap - DEBUG - search_s('ou=CIAER,dc=ciaer,dc=interna', 2, '(sAMAccountName=%(user)s)') returned 0 objects: 
2024-06-13 15:40:28,116 - django_auth_ldap - DEBUG - Authentication failed for admin: failed to map the username to a DN.
2024-06-13 15:41:01,426 - django_auth_ldap - DEBUG - Binding as cn=django,ou=ciaer,dc=ciaer,dc=interna
2024-06-13 15:41:01,428 - django_auth_ldap - DEBUG - Invoking search_s('ou=CIAER,dc=ciaer,dc=interna', 2, '(sAMAccountName=ribeiro_ajr)')
2024-06-13 15:41:01,429 - django_auth_ldap - DEBUG - search_s('ou=CIAER,dc=ciaer,dc=interna', 2, '(sAMAccountName=%(user)s)') returned 1 objects: cn=2s sin ribeiro,ou=usuarios,ou=dci,ou=bsb,ou=ciaer,dc=ciaer,dc=interna
2024-06-13 15:41:01,429 - django_auth_ldap - DEBUG - Binding as cn=2s sin ribeiro,ou=usuarios,ou=dci,ou=bsb,ou=ciaer,dc=ciaer,dc=interna
2024-06-13 15:41:01,440 - django_auth_ldap - DEBUG - Populating Django user ribeiro_ajr
2024-06-13 16:56:00,196 - django_auth_ldap - DEBUG - Binding as cn=django,ou=ciaer,dc=ciaer,dc=interna
2024-06-13 16:56:00,201 - django_auth_ldap - DEBUG - Invoking search_s('ou=CIAER,dc=ciaer,dc=interna', 2, '(sAMAccountName=ribeiro_ajr)')
2024-06-13 16:56:00,202 - django_auth_ldap - DEBUG - search_s('ou=CIAER,dc=ciaer,dc=interna', 2, '(sAMAccountName=%(user)s)') returned 1 objects: cn=2s sin ribeiro,ou=usuarios,ou=dci,ou=bsb,ou=ciaer,dc=ciaer,dc=interna
2024-06-13 16:56:00,202 - django_auth_ldap - DEBUG - Binding as cn=2s sin ribeiro,ou=usuarios,ou=dci,ou=bsb,ou=ciaer,dc=ciaer,dc=interna
2024-06-13 16:56:00,204 - django_auth_ldap - DEBUG - Populating Django user ribeiro_ajr
2024-06-14 11:54:08,479 - django_auth_ldap - DEBUG - Binding as cn=django,ou=ciaer,dc=ciaer,dc=interna
2024-06-14 11:54:08,499 - django_auth_ldap - DEBUG - Invoking search_s('ou=CIAER,dc=ciaer,dc=interna', 2, '(sAMAccountName=ribeiro_ajr)')
2024-06-14 11:54:08,500 - django_auth_ldap - DEBUG - search_s('ou=CIAER,dc=ciaer,dc=interna', 2, '(sAMAccountName=%(user)s)') returned 1 objects: cn=2s sin ribeiro,ou=usuarios,ou=dci,ou=bsb,ou=ciaer,dc=ciaer,dc=interna
2024-06-14 11:54:08,500 - django_auth_ldap - DEBUG - Binding as cn=2s sin ribeiro,ou=usuarios,ou=dci,ou=bsb,ou=ciaer,dc=ciaer,dc=interna
2024-06-14 11:54:08,502 - django_auth_ldap - DEBUG - Populating Django user ribeiro_ajr
2024-06-14 12:35:01,129 - django_auth_ldap - DEBUG - Binding as cn=django,ou=ciaer,dc=ciaer,dc=interna
2024-06-14 12:35:01,149 - django_auth_ldap - DEBUG - Invoking search_s('ou=CIAER,dc=ciaer,dc=interna', 2, '(sAMAccountName=joaopaulo_jpf)')
2024-06-14 12:35:01,150 - django_auth_ldap - DEBUG - search_s('ou=CIAER,dc=ciaer,dc=interna', 2, '(sAMAccountName=%(user)s)') returned 1 objects: cn=2s sgs joão paulo,ou=usuarios,ou=dci,ou=bsb,ou=ciaer,dc=ciaer,dc=interna
2024-06-14 12:35:01,150 - django_auth_ldap - DEBUG - Binding as cn=2s sgs joão paulo,ou=usuarios,ou=dci,ou=bsb,ou=ciaer,dc=ciaer,dc=interna
2024-06-14 12:35:01,152 - django_auth_ldap - DEBUG - Authentication failed for joaopaulo_jpf: user DN/password rejected by LDAP server.
2024-06-14 12:35:11,152 - django_auth_ldap - DEBUG - Binding as cn=django,ou=ciaer,dc=ciaer,dc=interna
2024-06-14 12:35:11,154 - django_auth_ldap - DEBUG - Invoking search_s('ou=CIAER,dc=ciaer,dc=interna', 2, '(sAMAccountName=joaopaulo_jpf)')
2024-06-14 12:35:11,155 - django_auth_ldap - DEBUG - search_s('ou=CIAER,dc=ciaer,dc=interna', 2, '(sAMAccountName=%(user)s)') returned 1 objects: cn=2s sgs joão paulo,ou=usuarios,ou=dci,ou=bsb,ou=ciaer,dc=ciaer,dc=interna
2024-06-14 12:35:11,155 - django_auth_ldap - DEBUG - Binding as cn=2s sgs joão paulo,ou=usuarios,ou=dci,ou=bsb,ou=ciaer,dc=ciaer,dc=interna
2024-06-14 12:35:11,176 - django_auth_ldap - DEBUG - Populating Django user joaopaulo_jpf
2024-06-14 12:37:51,290 - django_auth_ldap - DEBUG - Binding as cn=django,ou=ciaer,dc=ciaer,dc=interna
2024-06-14 12:37:51,293 - django_auth_ldap - DEBUG - Invoking search_s('ou=CIAER,dc=ciaer,dc=interna', 2, '(sAMAccountName=admin)')
2024-06-14 12:37:51,294 - django_auth_ldap - DEBUG - search_s('ou=CIAER,dc=ciaer,dc=interna', 2, '(sAMAccountName=%(user)s)') returned 0 objects: 
2024-06-14 12:37:51,294 - django_auth_ldap - DEBUG - Authentication failed for admin: failed to map the username to a DN.
2024-06-14 12:38:34,654 - django_auth_ldap - DEBUG - Binding as cn=django,ou=ciaer,dc=ciaer,dc=interna
2024-06-14 12:38:34,656 - django_auth_ldap - DEBUG - Invoking search_s('ou=CIAER,dc=ciaer,dc=interna', 2, '(sAMAccountName=joaopaulo_jpf)')
2024-06-14 12:38:34,657 - django_auth_ldap - DEBUG - search_s('ou=CIAER,dc=ciaer,dc=interna', 2, '(sAMAccountName=%(user)s)') returned 1 objects: cn=2s sgs joão paulo,ou=usuarios,ou=dci,ou=bsb,ou=ciaer,dc=ciaer,dc=interna
2024-06-14 12:38:34,657 - django_auth_ldap - DEBUG - Binding as cn=2s sgs joão paulo,ou=usuarios,ou=dci,ou=bsb,ou=ciaer,dc=ciaer,dc=interna
2024-06-14 12:38:34,659 - django_auth_ldap - DEBUG - Populating Django user joaopaulo_jpf
2024-06-14 13:46:17,033 - django_auth_ldap - DEBUG - Binding as cn=django,ou=ciaer,dc=ciaer,dc=interna
2024-06-14 13:46:17,036 - django_auth_ldap - DEBUG - Invoking search_s('ou=CIAER,dc=ciaer,dc=interna', 2, '(sAMAccountName=ribeiro_ajr)')
2024-06-14 13:46:17,037 - django_auth_ldap - DEBUG - search_s('ou=CIAER,dc=ciaer,dc=interna', 2, '(sAMAccountName=%(user)s)') returned 1 objects: cn=2s sin ribeiro,ou=usuarios,ou=dci,ou=bsb,ou=ciaer,dc=ciaer,dc=interna
2024-06-14 13:46:17,037 - django_auth_ldap - DEBUG - Binding as cn=2s sin ribeiro,ou=usuarios,ou=dci,ou=bsb,ou=ciaer,dc=ciaer,dc=interna
2024-06-14 13:46:17,039 - django_auth_ldap - DEBUG - Populating Django user ribeiro_ajr
2024-06-14 14:19:52,055 - django_auth_ldap - DEBUG - Binding as cn=django,ou=ciaer,dc=ciaer,dc=interna
2024-06-14 14:19:52,068 - django_auth_ldap - DEBUG - Invoking search_s('ou=CIAER,dc=ciaer,dc=interna', 2, '(sAMAccountName=ribeiro_ajr)')
2024-06-14 14:19:52,069 - django_auth_ldap - DEBUG - search_s('ou=CIAER,dc=ciaer,dc=interna', 2, '(sAMAccountName=%(user)s)') returned 1 objects: cn=2s sin ribeiro,ou=usuarios,ou=dci,ou=bsb,ou=ciaer,dc=ciaer,dc=interna
2024-06-14 14:19:52,069 - django_auth_ldap - DEBUG - Binding as cn=2s sin ribeiro,ou=usuarios,ou=dci,ou=bsb,ou=ciaer,dc=ciaer,dc=interna
2024-06-14 14:19:52,072 - django_auth_ldap - DEBUG - Populating Django user ribeiro_ajr
2024-06-19 17:43:31,606 - django_auth_ldap - DEBUG - Binding as cn=django,ou=ciaer,dc=ciaer,dc=interna
